  [1m[35m (6.7ms)[0m  [1m[34mSELECT sqlite_version(*)[0m
  [1m[35m (10.2ms)[0m  [1m[35mCREATE TABLE "schema_migrations" ("version" varchar NOT NULL PRIMARY KEY)[0m
  [1m[35m (4.4ms)[0m  [1m[35mCREATE TABLE "ar_internal_metadata" ("key" varchar NOT NULL PRIMARY KEY, "value" varchar, "created_at" datetime(6) NOT NULL, "updated_at" datetime(6) NOT NULL)[0m
  [1m[36mActiveRecord::SchemaMigration Pluck (1.1ms)[0m  [1m[34mSELECT "schema_migrations"."version" FROM "schema_migrations" ORDER BY "schema_migrations"."version" ASC[0m
Migrating to CreateRecipes (20220628174249)
  [1m[36mTRANSACTION (0.1ms)[0m  [1m[36mbegin transaction[0m
  [1m[35m (1.5ms)[0m  [1m[35mCREATE TABLE "recipes" ("id" integer PRIMARY KEY AUTOINCREMENT NOT NULL, "title" varchar, "instructions" text, "created_at" datetime(6) NOT NULL, "updated_at" datetime(6) NOT NULL)[0m
  [1m[36mActiveRecord::SchemaMigration Create (0.5ms)[0m  [1m[32mINSERT INTO "schema_migrations" ("version") VALUES (?)[0m  [["version", "20220628174249"]]
  [1m[36mTRANSACTION (2.4ms)[0m  [1m[36mcommit transaction[0m
  [1m[36mActiveRecord::InternalMetadata Load (0.5ms)[0m  [1m[34mSELECT "ar_internal_metadata".* FROM "ar_internal_metadata" WHERE "ar_internal_metadata"."key" = ? LIMIT ?[0m  [["key", "environment"], ["LIMIT", 1]]
  [1m[36mTRANSACTION (0.1ms)[0m  [1m[36mbegin transaction[0m
  [1m[36mActiveRecord::InternalMetadata Create (2.3ms)[0m  [1m[32mINSERT INTO "ar_internal_metadata" ("key", "value", "created_at", "updated_at") VALUES (?, ?, ?, ?)[0m  [["key", "environment"], ["value", "development"], ["created_at", "2022-06-28 17:54:27.773039"], ["updated_at", "2022-06-28 17:54:27.773039"]]
  [1m[36mTRANSACTION (2.5ms)[0m  [1m[36mcommit transaction[0m
  [1m[35m (0.1ms)[0m  [1m[34mSELECT sqlite_version(*)[0m
  [1m[36mActiveRecord::SchemaMigration Pluck (0.2ms)[0m  [1m[34mSELECT "schema_migrations"."version" FROM "schema_migrations" ORDER BY "schema_migrations"."version" ASC[0m
Started GET "/recipes/new" for 127.0.0.1 at 2022-06-28 13:55:03 -0400
  [1m[35m (1.8ms)[0m  [1m[34mSELECT sqlite_version(*)[0m
  [1m[36mActiveRecord::SchemaMigration Pluck (1.1ms)[0m  [1m[34mSELECT "schema_migrations"."version" FROM "schema_migrations" ORDER BY "schema_migrations"."version" ASC[0m
Processing by RecipesController#new as HTML
  Rendering layout layouts/application.html.erb
  Rendering recipes/new.html.erb within layouts/application
  Rendered recipes/_form.html.erb (Duration: 138.1ms | Allocations: 5773)
  Rendered recipes/new.html.erb within layouts/application (Duration: 165.6ms | Allocations: 6479)
  Rendered layout layouts/application.html.erb (Duration: 1820.3ms | Allocations: 100410)
Completed 200 OK in 2000ms (Views: 1871.4ms | ActiveRecord: 4.5ms | Allocations: 112001)


Started POST "/recipes" for 127.0.0.1 at 2022-06-28 13:55:52 -0400
Processing by RecipesController#create as TURBO_STREAM
  Parameters: {"authenticity_token"=>"[FILTERED]", "recipe"=>{"title"=>"Cazuela de Vacuno", "instructions"=>"1) paso\n2) paso\n3) paso\n4) etc"}, "commit"=>"Create Recipe"}
  [1m[36mTRANSACTION (0.2ms)[0m  [1m[36mbegin transaction[0m
  ↳ app/controllers/recipes_controller.rb:27:in `block in create'
  [1m[36mRecipe Create (3.3ms)[0m  [1m[32mINSERT INTO "recipes" ("title", "instructions", "created_at", "updated_at") VALUES (?, ?, ?, ?)[0m  [["title", "Cazuela de Vacuno"], ["instructions", "1) paso\n2) paso\n3) paso\n4) etc"], ["created_at", "2022-06-28 17:55:52.964522"], ["updated_at", "2022-06-28 17:55:52.964522"]]
  ↳ app/controllers/recipes_controller.rb:27:in `block in create'
  [1m[36mTRANSACTION (12.7ms)[0m  [1m[36mcommit transaction[0m
  ↳ app/controllers/recipes_controller.rb:27:in `block in create'
Redirected to http://localhost:3000/recipes/1
Completed 302 Found in 54ms (ActiveRecord: 16.2ms | Allocations: 3433)


Started GET "/recipes/1" for 127.0.0.1 at 2022-06-28 13:55:53 -0400
Processing by RecipesController#show as TURBO_STREAM
  Parameters: {"id"=>"1"}
  [1m[36mRecipe Load (0.4ms)[0m  [1m[34mSELECT "recipes".* FROM "recipes" WHERE "recipes"."id" = ? LIMIT ?[0m  [["id", 1], ["LIMIT", 1]]
  ↳ app/controllers/recipes_controller.rb:63:in `set_recipe'
  Rendering layout layouts/application.html.erb
  Rendering recipes/show.html.erb within layouts/application
  Rendered recipes/_recipe.html.erb (Duration: 3.6ms | Allocations: 203)
  Rendered recipes/show.html.erb within layouts/application (Duration: 33.0ms | Allocations: 1473)
  Rendered layout layouts/application.html.erb (Duration: 55.6ms | Allocations: 3670)
Completed 200 OK in 79ms (Views: 61.2ms | ActiveRecord: 0.4ms | Allocations: 6519)


Started GET "/recipes" for 127.0.0.1 at 2022-06-28 13:56:10 -0400
Processing by RecipesController#index as HTML
  Rendering layout layouts/application.html.erb
  Rendering recipes/index.html.erb within layouts/application
  [1m[36mRecipe Load (0.6ms)[0m  [1m[34mSELECT "recipes".* FROM "recipes"[0m
  ↳ app/views/recipes/index.html.erb:6
  Rendered recipes/_recipe.html.erb (Duration: 0.3ms | Allocations: 24)
  Rendered recipes/index.html.erb within layouts/application (Duration: 16.1ms | Allocations: 1216)
  Rendered layout layouts/application.html.erb (Duration: 41.3ms | Allocations: 3433)
Completed 200 OK in 49ms (Views: 43.6ms | ActiveRecord: 0.6ms | Allocations: 3857)


Started GET "/recipes/new" for 127.0.0.1 at 2022-06-28 13:56:19 -0400
Processing by RecipesController#new as HTML
  Rendering layout layouts/application.html.erb
  Rendering recipes/new.html.erb within layouts/application
  Rendered recipes/_form.html.erb (Duration: 7.0ms | Allocations: 1052)
  Rendered recipes/new.html.erb within layouts/application (Duration: 10.7ms | Allocations: 1154)
  Rendered layout layouts/application.html.erb (Duration: 48.4ms | Allocations: 3357)
Completed 200 OK in 74ms (Views: 53.8ms | ActiveRecord: 0.0ms | Allocations: 3693)


Started POST "/recipes" for 127.0.0.1 at 2022-06-28 13:57:00 -0400
Processing by RecipesController#create as TURBO_STREAM
  Parameters: {"authenticity_token"=>"[FILTERED]", "recipe"=>{"title"=>"Hamburguesa Vegana", "instructions"=>"1) Haga tal cosa\n2) No moleste tanto"}, "commit"=>"Create Recipe"}
  [1m[36mTRANSACTION (0.1ms)[0m  [1m[36mbegin transaction[0m
  ↳ app/controllers/recipes_controller.rb:27:in `block in create'
  [1m[36mRecipe Create (1.5ms)[0m  [1m[32mINSERT INTO "recipes" ("title", "instructions", "created_at", "updated_at") VALUES (?, ?, ?, ?)[0m  [["title", "Hamburguesa Vegana"], ["instructions", "1) Haga tal cosa\n2) No moleste tanto"], ["created_at", "2022-06-28 17:57:00.685965"], ["updated_at", "2022-06-28 17:57:00.685965"]]
  ↳ app/controllers/recipes_controller.rb:27:in `block in create'
  [1m[36mTRANSACTION (3.6ms)[0m  [1m[36mcommit transaction[0m
  ↳ app/controllers/recipes_controller.rb:27:in `block in create'
Redirected to http://localhost:3000/recipes/2
Completed 302 Found in 18ms (ActiveRecord: 5.2ms | Allocations: 2229)


Started GET "/recipes/2" for 127.0.0.1 at 2022-06-28 13:57:00 -0400
Processing by RecipesController#show as TURBO_STREAM
  Parameters: {"id"=>"2"}
  [1m[36mRecipe Load (0.4ms)[0m  [1m[34mSELECT "recipes".* FROM "recipes" WHERE "recipes"."id" = ? LIMIT ?[0m  [["id", 2], ["LIMIT", 1]]
  ↳ app/controllers/recipes_controller.rb:63:in `set_recipe'
  Rendering layout layouts/application.html.erb
  Rendering recipes/show.html.erb within layouts/application
  Rendered recipes/_recipe.html.erb (Duration: 0.2ms | Allocations: 24)
  Rendered recipes/show.html.erb within layouts/application (Duration: 2.5ms | Allocations: 658)
  Rendered layout layouts/application.html.erb (Duration: 28.3ms | Allocations: 2854)
Completed 200 OK in 39ms (Views: 31.8ms | ActiveRecord: 0.4ms | Allocations: 3638)


Started GET "/recipes" for 127.0.0.1 at 2022-06-28 13:57:04 -0400
Processing by RecipesController#index as HTML
  Rendering layout layouts/application.html.erb
  Rendering recipes/index.html.erb within layouts/application
  [1m[36mRecipe Load (0.5ms)[0m  [1m[34mSELECT "recipes".* FROM "recipes"[0m
  ↳ app/views/recipes/index.html.erb:6
  Rendered recipes/_recipe.html.erb (Duration: 0.1ms | Allocations: 24)
  Rendered recipes/_recipe.html.erb (Duration: 3.2ms | Allocations: 23)
  Rendered recipes/index.html.erb within layouts/application (Duration: 23.2ms | Allocations: 1059)
  Rendered layout layouts/application.html.erb (Duration: 77.8ms | Allocations: 3275)
Completed 200 OK in 85ms (Views: 80.5ms | ActiveRecord: 0.5ms | Allocations: 3609)


Started GET "/recipes/new" for 127.0.0.1 at 2022-06-28 13:57:18 -0400
Processing by RecipesController#new as HTML
  Rendering layout layouts/application.html.erb
  Rendering recipes/new.html.erb within layouts/application
  Rendered recipes/_form.html.erb (Duration: 2.8ms | Allocations: 1051)
  Rendered recipes/new.html.erb within layouts/application (Duration: 5.3ms | Allocations: 1153)
  Rendered layout layouts/application.html.erb (Duration: 25.3ms | Allocations: 3356)
Completed 200 OK in 32ms (Views: 28.4ms | ActiveRecord: 0.0ms | Allocations: 3692)


Started POST "/recipes" for 127.0.0.1 at 2022-06-28 13:57:47 -0400
Processing by RecipesController#create as TURBO_STREAM
  Parameters: {"authenticity_token"=>"[FILTERED]", "recipe"=>{"title"=>"Completo Italiano", "instructions"=>"1) blah\n2) blah\n3) blah\n4) SIN tomate"}, "commit"=>"Create Recipe"}
  [1m[36mTRANSACTION (0.1ms)[0m  [1m[36mbegin transaction[0m
  ↳ app/controllers/recipes_controller.rb:27:in `block in create'
  [1m[36mRecipe Create (2.1ms)[0m  [1m[32mINSERT INTO "recipes" ("title", "instructions", "created_at", "updated_at") VALUES (?, ?, ?, ?)[0m  [["title", "Completo Italiano"], ["instructions", "1) blah\n2) blah\n3) blah\n4) SIN tomate"], ["created_at", "2022-06-28 17:57:47.761661"], ["updated_at", "2022-06-28 17:57:47.761661"]]
  ↳ app/controllers/recipes_controller.rb:27:in `block in create'
  [1m[36mTRANSACTION (5.8ms)[0m  [1m[36mcommit transaction[0m
  ↳ app/controllers/recipes_controller.rb:27:in `block in create'
Redirected to http://localhost:3000/recipes/3
Completed 302 Found in 21ms (ActiveRecord: 7.9ms | Allocations: 2210)


Started GET "/recipes/3" for 127.0.0.1 at 2022-06-28 13:57:47 -0400
Processing by RecipesController#show as TURBO_STREAM
  Parameters: {"id"=>"3"}
  [1m[36mRecipe Load (1.4ms)[0m  [1m[34mSELECT "recipes".* FROM "recipes" WHERE "recipes"."id" = ? LIMIT ?[0m  [["id", 3], ["LIMIT", 1]]
  ↳ app/controllers/recipes_controller.rb:63:in `set_recipe'
  Rendering layout layouts/application.html.erb
  Rendering recipes/show.html.erb within layouts/application
  Rendered recipes/_recipe.html.erb (Duration: 0.2ms | Allocations: 24)
  Rendered recipes/show.html.erb within layouts/application (Duration: 2.9ms | Allocations: 648)
  Rendered layout layouts/application.html.erb (Duration: 29.9ms | Allocations: 2843)
Completed 200 OK in 47ms (Views: 31.9ms | ActiveRecord: 1.4ms | Allocations: 3623)


Started GET "/recipes" for 127.0.0.1 at 2022-06-28 13:57:58 -0400
Processing by RecipesController#index as HTML
  Rendering layout layouts/application.html.erb
  Rendering recipes/index.html.erb within layouts/application
  [1m[36mRecipe Load (0.4ms)[0m  [1m[34mSELECT "recipes".* FROM "recipes"[0m
  ↳ app/views/recipes/index.html.erb:6
  Rendered recipes/_recipe.html.erb (Duration: 0.3ms | Allocations: 24)
  Rendered recipes/_recipe.html.erb (Duration: 0.5ms | Allocations: 23)
  Rendered recipes/_recipe.html.erb (Duration: 0.1ms | Allocations: 23)
  Rendered recipes/index.html.erb within layouts/application (Duration: 21.4ms | Allocations: 1205)
  Rendered layout layouts/application.html.erb (Duration: 67.0ms | Allocations: 3421)
Completed 200 OK in 81ms (Views: 78.0ms | ActiveRecord: 0.4ms | Allocations: 3755)


Started GET "/productos/" for 127.0.0.1 at 2022-06-28 14:13:53 -0400
  
ActionController::RoutingError (No route matches [GET] "/productos"):
  
Started GET "/recipes" for 127.0.0.1 at 2022-06-28 14:14:25 -0400
Processing by RecipesController#index as HTML
  Rendering layout layouts/standard.html.erb
  Rendering recipes/index.html.erb within layouts/standard
  [1m[35m (0.1ms)[0m  [1m[34mSELECT sqlite_version(*)[0m
  ↳ app/views/recipes/index.html.erb:6
  [1m[36mRecipe Load (2.1ms)[0m  [1m[34mSELECT "recipes".* FROM "recipes"[0m
  ↳ app/views/recipes/index.html.erb:6
  Rendered recipes/_recipe.html.erb (Duration: 1.7ms | Allocations: 202)
  Rendered recipes/_recipe.html.erb (Duration: 0.2ms | Allocations: 23)
  Rendered recipes/_recipe.html.erb (Duration: 0.1ms | Allocations: 23)
  Rendered recipes/index.html.erb within layouts/standard (Duration: 31.8ms | Allocations: 3444)
  Rendered layout layouts/standard.html.erb (Duration: 35.7ms | Allocations: 3692)
Completed 200 OK in 71ms (Views: 39.4ms | ActiveRecord: 2.8ms | Allocations: 5256)


Started GET "/recipes/new" for 127.0.0.1 at 2022-06-28 14:16:29 -0400
Processing by RecipesController#new as HTML
  Rendering layout layouts/standard.html.erb
  Rendering recipes/new.html.erb within layouts/standard
  Rendered recipes/_form.html.erb (Duration: 4.4ms | Allocations: 1453)
  Rendered recipes/new.html.erb within layouts/standard (Duration: 17.0ms | Allocations: 1763)
  Rendered layout layouts/standard.html.erb (Duration: 20.7ms | Allocations: 1856)
Completed 200 OK in 32ms (Views: 28.9ms | ActiveRecord: 0.0ms | Allocations: 2239)


Started POST "/recipes" for 127.0.0.1 at 2022-06-28 14:17:21 -0400
Processing by RecipesController#create as HTML
  Parameters: {"authenticity_token"=>"[FILTERED]", "recipe"=>{"title"=>"Pastel de Choclo", "instructions"=>"1) Choclo\r\n2) Carne molida\r\n3) etc"}, "commit"=>"Create Recipe"}
  [1m[36mTRANSACTION (0.2ms)[0m  [1m[36mbegin transaction[0m
  ↳ app/controllers/recipes_controller.rb:29:in `block in create'
  [1m[36mRecipe Create (2.6ms)[0m  [1m[32mINSERT INTO "recipes" ("title", "instructions", "created_at", "updated_at") VALUES (?, ?, ?, ?)[0m  [["title", "Pastel de Choclo"], ["instructions", "1) Choclo\r\n2) Carne molida\r\n3) etc"], ["created_at", "2022-06-28 18:17:21.186090"], ["updated_at", "2022-06-28 18:17:21.186090"]]
  ↳ app/controllers/recipes_controller.rb:29:in `block in create'
  [1m[36mTRANSACTION (2.8ms)[0m  [1m[36mcommit transaction[0m
  ↳ app/controllers/recipes_controller.rb:29:in `block in create'
Redirected to http://localhost:3000/recipes/4
Completed 302 Found in 26ms (ActiveRecord: 5.7ms | Allocations: 2290)


Started GET "/recipes/4" for 127.0.0.1 at 2022-06-28 14:17:21 -0400
Processing by RecipesController#show as HTML
  Parameters: {"id"=>"4"}
  [1m[36mRecipe Load (0.4ms)[0m  [1m[34mSELECT "recipes".* FROM "recipes" WHERE "recipes"."id" = ? LIMIT ?[0m  [["id", 4], ["LIMIT", 1]]
  ↳ app/controllers/recipes_controller.rb:65:in `set_recipe'
  Rendering layout layouts/standard.html.erb
  Rendering recipes/show.html.erb within layouts/standard
  Rendered recipes/_recipe.html.erb (Duration: 0.2ms | Allocations: 24)
  Rendered recipes/show.html.erb within layouts/standard (Duration: 10.6ms | Allocations: 852)
  Rendered layout layouts/standard.html.erb (Duration: 17.4ms | Allocations: 944)
Completed 200 OK in 30ms (Views: 19.5ms | ActiveRecord: 0.4ms | Allocations: 2367)


Started GET "/recipes" for 127.0.0.1 at 2022-06-28 14:17:27 -0400
Processing by RecipesController#index as HTML
  Rendering layout layouts/standard.html.erb
  Rendering recipes/index.html.erb within layouts/standard
  [1m[36mRecipe Load (1.2ms)[0m  [1m[34mSELECT "recipes".* FROM "recipes"[0m
  ↳ app/views/recipes/index.html.erb:6
  Rendered recipes/_recipe.html.erb (Duration: 0.5ms | Allocations: 24)
  Rendered recipes/_recipe.html.erb (Duration: 0.3ms | Allocations: 23)
  Rendered recipes/_recipe.html.erb (Duration: 0.3ms | Allocations: 23)
  Rendered recipes/_recipe.html.erb (Duration: 0.2ms | Allocations: 23)
  Rendered recipes/index.html.erb within layouts/standard (Duration: 43.8ms | Allocations: 1344)
  Rendered layout layouts/standard.html.erb (Duration: 53.0ms | Allocations: 1436)
Completed 200 OK in 64ms (Views: 59.3ms | ActiveRecord: 1.2ms | Allocations: 1745)


Started GET "/recipes/2" for 127.0.0.1 at 2022-06-28 14:17:37 -0400
Processing by RecipesController#show as HTML
  Parameters: {"id"=>"2"}
  [1m[36mRecipe Load (0.3ms)[0m  [1m[34mSELECT "recipes".* FROM "recipes" WHERE "recipes"."id" = ? LIMIT ?[0m  [["id", 2], ["LIMIT", 1]]
  ↳ app/controllers/recipes_controller.rb:65:in `set_recipe'
  Rendering layout layouts/standard.html.erb
  Rendering recipes/show.html.erb within layouts/standard
  Rendered recipes/_recipe.html.erb (Duration: 0.1ms | Allocations: 24)
  Rendered recipes/show.html.erb within layouts/standard (Duration: 4.1ms | Allocations: 631)
  Rendered layout layouts/standard.html.erb (Duration: 6.3ms | Allocations: 723)
Completed 200 OK in 17ms (Views: 8.3ms | ActiveRecord: 0.3ms | Allocations: 1476)


Started GET "/recipes/2/edit" for 127.0.0.1 at 2022-06-28 14:17:39 -0400
Processing by RecipesController#edit as HTML
  Parameters: {"id"=>"2"}
  [1m[36mRecipe Load (0.2ms)[0m  [1m[34mSELECT "recipes".* FROM "recipes" WHERE "recipes"."id" = ? LIMIT ?[0m  [["id", 2], ["LIMIT", 1]]
  ↳ app/controllers/recipes_controller.rb:65:in `set_recipe'
  Rendering layout layouts/standard.html.erb
  Rendering recipes/edit.html.erb within layouts/standard
  Rendered recipes/_form.html.erb (Duration: 2.2ms | Allocations: 1151)
  Rendered recipes/edit.html.erb within layouts/standard (Duration: 6.9ms | Allocations: 1459)
  Rendered layout layouts/standard.html.erb (Duration: 13.8ms | Allocations: 1551)
Completed 200 OK in 43ms (Views: 33.0ms | ActiveRecord: 0.2ms | Allocations: 2359)


Started PATCH "/recipes/2" for 127.0.0.1 at 2022-06-28 14:17:56 -0400
Processing by RecipesController#update as HTML
  Parameters: {"authenticity_token"=>"[FILTERED]", "recipe"=>{"title"=>"Hamburguesa Vegana", "instructions"=>"1) Haga tal cosa\r\n2) Ocupe carne de soya"}, "commit"=>"Update Recipe", "id"=>"2"}
  [1m[36mRecipe Load (0.3ms)[0m  [1m[34mSELECT "recipes".* FROM "recipes" WHERE "recipes"."id" = ? LIMIT ?[0m  [["id", 2], ["LIMIT", 1]]
  ↳ app/controllers/recipes_controller.rb:65:in `set_recipe'
  [1m[36mTRANSACTION (0.1ms)[0m  [1m[36mbegin transaction[0m
  ↳ app/controllers/recipes_controller.rb:42:in `block in update'
  [1m[36mRecipe Update (1.8ms)[0m  [1m[33mUPDATE "recipes" SET "instructions" = ?, "updated_at" = ? WHERE "recipes"."id" = ?[0m  [["instructions", "1) Haga tal cosa\r\n2) Ocupe carne de soya"], ["updated_at", "2022-06-28 18:17:56.783059"], ["id", 2]]
  ↳ app/controllers/recipes_controller.rb:42:in `block in update'
  [1m[36mTRANSACTION (3.0ms)[0m  [1m[36mcommit transaction[0m
  ↳ app/controllers/recipes_controller.rb:42:in `block in update'
Redirected to http://localhost:3000/recipes/2
Completed 302 Found in 37ms (ActiveRecord: 5.1ms | Allocations: 2856)


Started GET "/recipes/2" for 127.0.0.1 at 2022-06-28 14:17:56 -0400
Processing by RecipesController#show as HTML
  Parameters: {"id"=>"2"}
  [1m[36mRecipe Load (0.3ms)[0m  [1m[34mSELECT "recipes".* FROM "recipes" WHERE "recipes"."id" = ? LIMIT ?[0m  [["id", 2], ["LIMIT", 1]]
  ↳ app/controllers/recipes_controller.rb:65:in `set_recipe'
  Rendering layout layouts/standard.html.erb
  Rendering recipes/show.html.erb within layouts/standard
  Rendered recipes/_recipe.html.erb (Duration: 0.1ms | Allocations: 24)
  Rendered recipes/show.html.erb within layouts/standard (Duration: 3.0ms | Allocations: 659)
  Rendered layout layouts/standard.html.erb (Duration: 5.4ms | Allocations: 751)
Completed 200 OK in 33ms (Views: 15.3ms | ActiveRecord: 0.3ms | Allocations: 1503)


Started GET "/recipes" for 127.0.0.1 at 2022-06-28 14:18:02 -0400
Processing by RecipesController#index as HTML
  Rendering layout layouts/standard.html.erb
  Rendering recipes/index.html.erb within layouts/standard
  [1m[36mRecipe Load (1.0ms)[0m  [1m[34mSELECT "recipes".* FROM "recipes"[0m
  ↳ app/views/recipes/index.html.erb:6
  Rendered recipes/_recipe.html.erb (Duration: 0.5ms | Allocations: 24)
  Rendered recipes/_recipe.html.erb (Duration: 0.7ms | Allocations: 23)
  Rendered recipes/_recipe.html.erb (Duration: 0.1ms | Allocations: 23)
  Rendered recipes/_recipe.html.erb (Duration: 0.1ms | Allocations: 23)
  Rendered recipes/index.html.erb within layouts/standard (Duration: 30.2ms | Allocations: 1354)
  Rendered layout layouts/standard.html.erb (Duration: 33.4ms | Allocations: 1446)
Completed 200 OK in 40ms (Views: 34.6ms | ActiveRecord: 1.0ms | Allocations: 1755)


Started GET "/recipes/3" for 127.0.0.1 at 2022-06-28 14:18:12 -0400
Processing by RecipesController#show as HTML
  Parameters: {"id"=>"3"}
  [1m[36mRecipe Load (0.3ms)[0m  [1m[34mSELECT "recipes".* FROM "recipes" WHERE "recipes"."id" = ? LIMIT ?[0m  [["id", 3], ["LIMIT", 1]]
  ↳ app/controllers/recipes_controller.rb:65:in `set_recipe'
  Rendering layout layouts/standard.html.erb
  Rendering recipes/show.html.erb within layouts/standard
  Rendered recipes/_recipe.html.erb (Duration: 0.1ms | Allocations: 24)
  Rendered recipes/show.html.erb within layouts/standard (Duration: 11.4ms | Allocations: 635)
  Rendered layout layouts/standard.html.erb (Duration: 13.7ms | Allocations: 727)
Completed 200 OK in 22ms (Views: 15.2ms | ActiveRecord: 0.3ms | Allocations: 1479)


Started DELETE "/recipes/3" for 127.0.0.1 at 2022-06-28 14:18:16 -0400
Processing by RecipesController#destroy as HTML
  Parameters: {"authenticity_token"=>"[FILTERED]", "id"=>"3"}
  [1m[36mRecipe Load (0.5ms)[0m  [1m[34mSELECT "recipes".* FROM "recipes" WHERE "recipes"."id" = ? LIMIT ?[0m  [["id", 3], ["LIMIT", 1]]
  ↳ app/controllers/recipes_controller.rb:65:in `set_recipe'
  [1m[36mTRANSACTION (0.1ms)[0m  [1m[36mbegin transaction[0m
  ↳ app/controllers/recipes_controller.rb:54:in `destroy'
  [1m[36mRecipe Destroy (3.9ms)[0m  [1m[31mDELETE FROM "recipes" WHERE "recipes"."id" = ?[0m  [["id", 3]]
  ↳ app/controllers/recipes_controller.rb:54:in `destroy'
  [1m[36mTRANSACTION (8.1ms)[0m  [1m[36mcommit transaction[0m
  ↳ app/controllers/recipes_controller.rb:54:in `destroy'
Redirected to http://localhost:3000/recipes
Completed 302 Found in 47ms (ActiveRecord: 12.7ms | Allocations: 2372)


Started GET "/recipes" for 127.0.0.1 at 2022-06-28 14:18:16 -0400
Processing by RecipesController#index as HTML
  Rendering layout layouts/standard.html.erb
  Rendering recipes/index.html.erb within layouts/standard
  [1m[36mRecipe Load (0.4ms)[0m  [1m[34mSELECT "recipes".* FROM "recipes"[0m
  ↳ app/views/recipes/index.html.erb:6
  Rendered recipes/_recipe.html.erb (Duration: 0.2ms | Allocations: 24)
  Rendered recipes/_recipe.html.erb (Duration: 0.2ms | Allocations: 23)
  Rendered recipes/_recipe.html.erb (Duration: 0.2ms | Allocations: 23)
  Rendered recipes/index.html.erb within layouts/standard (Duration: 16.0ms | Allocations: 1225)
  Rendered layout layouts/standard.html.erb (Duration: 18.5ms | Allocations: 1317)
Completed 200 OK in 28ms (Views: 22.5ms | ActiveRecord: 0.4ms | Allocations: 1626)


Started GET "/recipes" for 127.0.0.1 at 2022-06-28 14:24:14 -0400
Processing by RecipesController#index as HTML
  Rendering layout layouts/standard.html.erb
  Rendering recipes/index.html.erb within layouts/standard
  [1m[35m (0.1ms)[0m  [1m[34mSELECT sqlite_version(*)[0m
  ↳ app/views/recipes/index.html.erb:6
  [1m[36mRecipe Load (0.6ms)[0m  [1m[34mSELECT "recipes".* FROM "recipes"[0m
  ↳ app/views/recipes/index.html.erb:6
  Rendered recipes/_recipe.html.erb (Duration: 2.9ms | Allocations: 192)
  Rendered recipes/_recipe.html.erb (Duration: 0.1ms | Allocations: 23)
  Rendered recipes/_recipe.html.erb (Duration: 0.1ms | Allocations: 23)
  Rendered recipes/index.html.erb within layouts/standard (Duration: 25.0ms | Allocations: 2301)
  Rendered layout layouts/standard.html.erb (Duration: 263.7ms | Allocations: 28626)
Completed 200 OK in 276ms (Views: 269.6ms | ActiveRecord: 1.2ms | Allocations: 29605)


Started GET "/recipes/new" for 127.0.0.1 at 2022-06-28 14:24:52 -0400
Processing by RecipesController#new as HTML
  Rendering layout layouts/standard.html.erb
  Rendering recipes/new.html.erb within layouts/standard
  Rendered recipes/_form.html.erb (Duration: 3.5ms | Allocations: 1428)
  Rendered recipes/new.html.erb within layouts/standard (Duration: 8.7ms | Allocations: 1739)
  Rendered layout layouts/standard.html.erb (Duration: 28.0ms | Allocations: 2595)
Completed 200 OK in 43ms (Views: 32.7ms | ActiveRecord: 0.0ms | Allocations: 2960)


Started GET "/recipes" for 127.0.0.1 at 2022-06-29 09:22:43 -0400
  [1m[35m (1.7ms)[0m  [1m[34mSELECT sqlite_version(*)[0m
  [1m[36mActiveRecord::SchemaMigration Pluck (0.5ms)[0m  [1m[34mSELECT "schema_migrations"."version" FROM "schema_migrations" ORDER BY "schema_migrations"."version" ASC[0m
Processing by RecipesController#index as HTML
  Rendering layout layouts/standard.html.erb
  Rendering recipes/index.html.erb within layouts/standard
  [1m[36mRecipe Load (7.3ms)[0m  [1m[34mSELECT "recipes".* FROM "recipes"[0m
  ↳ app/views/recipes/index.html.erb:6
  Rendered recipes/_recipe.html.erb (Duration: 5.8ms | Allocations: 233)
  Rendered recipes/_recipe.html.erb (Duration: 0.1ms | Allocations: 23)
  Rendered recipes/_recipe.html.erb (Duration: 0.1ms | Allocations: 23)
  Rendered recipes/index.html.erb within layouts/standard (Duration: 138.2ms | Allocations: 7139)
  Rendered layout layouts/standard.html.erb (Duration: 350.7ms | Allocations: 28810)
Completed 200 OK in 418ms (Views: 353.3ms | ActiveRecord: 11.2ms | Allocations: 34633)


Started GET "/recipes" for 127.0.0.1 at 2022-06-29 09:40:17 -0400
Processing by RecipesController#index as HTML
  Rendering layout layouts/standard.html.erb
  Rendering recipes/index.html.erb within layouts/standard
  [1m[35m (0.1ms)[0m  [1m[34mSELECT sqlite_version(*)[0m
  ↳ app/views/recipes/index.html.erb:6
  [1m[36mRecipe Load (0.8ms)[0m  [1m[34mSELECT "recipes".* FROM "recipes"[0m
  ↳ app/views/recipes/index.html.erb:6
  Rendered recipes/_recipe.html.erb (Duration: 2.2ms | Allocations: 192)
  Rendered recipes/_recipe.html.erb (Duration: 0.2ms | Allocations: 23)
  Rendered recipes/_recipe.html.erb (Duration: 0.3ms | Allocations: 23)
  Rendered recipes/index.html.erb within layouts/standard (Duration: 25.1ms | Allocations: 2330)
  Rendered layout layouts/standard.html.erb (Duration: 57.3ms | Allocations: 3412)
Completed 200 OK in 71ms (Views: 60.8ms | ActiveRecord: 1.3ms | Allocations: 4402)


Started GET "/recipes" for 127.0.0.1 at 2022-06-29 09:52:47 -0400
Processing by RecipesController#index as HTML
  Rendering layout layouts/standard.html.erb
  Rendering recipes/index.html.erb within layouts/standard
  [1m[35m (0.1ms)[0m  [1m[34mSELECT sqlite_version(*)[0m
  ↳ app/views/recipes/index.html.erb:6
  [1m[36mRecipe Load (0.9ms)[0m  [1m[34mSELECT "recipes".* FROM "recipes"[0m
  ↳ app/views/recipes/index.html.erb:6
  Rendered recipes/_recipe.html.erb (Duration: 5.0ms | Allocations: 192)
  Rendered recipes/_recipe.html.erb (Duration: 0.1ms | Allocations: 23)
  Rendered recipes/_recipe.html.erb (Duration: 0.3ms | Allocations: 23)
  Rendered recipes/index.html.erb within layouts/standard (Duration: 35.0ms | Allocations: 2309)
  Rendered layout layouts/standard.html.erb (Duration: 55.0ms | Allocations: 3398)
Completed 200 OK in 86ms (Views: 67.7ms | ActiveRecord: 1.9ms | Allocations: 4387)


Started GET "/recipes" for 127.0.0.1 at 2022-06-29 09:53:17 -0400
Processing by RecipesController#index as HTML
  Rendering layout layouts/standard.html.erb
  Rendering recipes/index.html.erb within layouts/standard
  [1m[36mRecipe Load (1.4ms)[0m  [1m[34mSELECT "recipes".* FROM "recipes"[0m
  ↳ app/views/recipes/index.html.erb:6
  Rendered recipes/_recipe.html.erb (Duration: 8.4ms | Allocations: 192)
  Rendered recipes/_recipe.html.erb (Duration: 0.9ms | Allocations: 23)
  Rendered recipes/_recipe.html.erb (Duration: 0.2ms | Allocations: 23)
  Rendered recipes/index.html.erb within layouts/standard (Duration: 47.4ms | Allocations: 1717)
  Rendered layout layouts/standard.html.erb (Duration: 126.7ms | Allocations: 2810)
Completed 200 OK in 136ms (Views: 130.5ms | ActiveRecord: 1.4ms | Allocations: 3792)


Started GET "/recipes" for 127.0.0.1 at 2022-06-29 09:53:20 -0400
Processing by RecipesController#index as HTML
  Rendering layout layouts/standard.html.erb
  Rendering recipes/index.html.erb within layouts/standard
  [1m[36mRecipe Load (1.3ms)[0m  [1m[34mSELECT "recipes".* FROM "recipes"[0m
  ↳ app/views/recipes/index.html.erb:6
  Rendered recipes/_recipe.html.erb (Duration: 0.2ms | Allocations: 24)
  Rendered recipes/_recipe.html.erb (Duration: 0.3ms | Allocations: 23)
  Rendered recipes/_recipe.html.erb (Duration: 0.1ms | Allocations: 23)
  Rendered recipes/index.html.erb within layouts/standard (Duration: 26.6ms | Allocations: 1217)
  Rendered layout layouts/standard.html.erb (Duration: 42.8ms | Allocations: 2074)
Completed 200 OK in 49ms (Views: 43.2ms | ActiveRecord: 1.3ms | Allocations: 2393)


Started GET "/recipes" for 127.0.0.1 at 2022-06-29 09:54:17 -0400
Processing by RecipesController#index as HTML
  Rendering layout layouts/standard.html.erb
  Rendering recipes/index.html.erb within layouts/standard
  [1m[36mRecipe Load (4.3ms)[0m  [1m[34mSELECT "recipes".* FROM "recipes"[0m
  ↳ app/views/recipes/index.html.erb:6
  Rendered recipes/_recipe.html.erb (Duration: 10.0ms | Allocations: 192)
  Rendered recipes/_recipe.html.erb (Duration: 0.2ms | Allocations: 23)
  Rendered recipes/_recipe.html.erb (Duration: 0.5ms | Allocations: 23)
  Rendered recipes/index.html.erb within layouts/standard (Duration: 75.9ms | Allocations: 1702)
  Rendered layout layouts/standard.html.erb (Duration: 253.7ms | Allocations: 5717)
Completed 200 OK in 275ms (Views: 264.6ms | ActiveRecord: 4.3ms | Allocations: 6698)


Started GET "/recipes" for 127.0.0.1 at 2022-06-29 09:55:32 -0400
Processing by RecipesController#index as HTML
  Rendering layout layouts/standard.html.erb
  Rendering recipes/index.html.erb within layouts/standard
  [1m[36mRecipe Load (4.1ms)[0m  [1m[34mSELECT "recipes".* FROM "recipes"[0m
  ↳ app/views/recipes/index.html.erb:6
  Rendered recipes/_recipe.html.erb (Duration: 11.6ms | Allocations: 192)
  Rendered recipes/_recipe.html.erb (Duration: 0.5ms | Allocations: 23)
  Rendered recipes/_recipe.html.erb (Duration: 0.6ms | Allocations: 23)
  Rendered recipes/index.html.erb within layouts/standard (Duration: 80.2ms | Allocations: 1708)
  Rendered layout layouts/standard.html.erb (Duration: 170.1ms | Allocations: 4029)
Completed 200 OK in 202ms (Views: 190.5ms | ActiveRecord: 4.1ms | Allocations: 5011)


Started GET "/recipes" for 127.0.0.1 at 2022-06-29 09:57:21 -0400
Processing by RecipesController#index as HTML
  Rendering layout layouts/standard.html.erb
  Rendering recipes/index.html.erb within layouts/standard
  [1m[36mRecipe Load (0.5ms)[0m  [1m[34mSELECT "recipes".* FROM "recipes"[0m
  ↳ app/views/recipes/index.html.erb:6
  Rendered recipes/_recipe.html.erb (Duration: 0.6ms | Allocations: 24)
  Rendered recipes/_recipe.html.erb (Duration: 0.4ms | Allocations: 23)
  Rendered recipes/_recipe.html.erb (Duration: 0.2ms | Allocations: 23)
  Rendered recipes/index.html.erb within layouts/standard (Duration: 31.5ms | Allocations: 1201)
  Rendered layout layouts/standard.html.erb (Duration: 75.3ms | Allocations: 2057)
Completed 200 OK in 94ms (Views: 77.2ms | ActiveRecord: 0.5ms | Allocations: 2367)


Started GET "/recipes/1" for 127.0.0.1 at 2022-06-29 09:57:22 -0400
Processing by RecipesController#show as HTML
  Parameters: {"id"=>"1"}
  [1m[36mRecipe Load (5.9ms)[0m  [1m[34mSELECT "recipes".* FROM "recipes" WHERE "recipes"."id" = ? LIMIT ?[0m  [["id", 1], ["LIMIT", 1]]
  ↳ app/controllers/recipes_controller.rb:65:in `set_recipe'
  Rendering layout layouts/standard.html.erb
  Rendering recipes/show.html.erb within layouts/standard
  Rendered recipes/_recipe.html.erb (Duration: 0.7ms | Allocations: 24)
  Rendered recipes/show.html.erb within layouts/standard (Duration: 18.9ms | Allocations: 889)
  Rendered layout layouts/standard.html.erb (Duration: 53.9ms | Allocations: 1737)
Completed 200 OK in 253ms (Views: 56.3ms | ActiveRecord: 5.9ms | Allocations: 7179)


Started GET "/recipes" for 127.0.0.1 at 2022-06-29 09:57:32 -0400
Processing by RecipesController#index as HTML
  Rendering layout layouts/standard.html.erb
  Rendering recipes/index.html.erb within layouts/standard
  [1m[36mRecipe Load (0.4ms)[0m  [1m[34mSELECT "recipes".* FROM "recipes"[0m
  ↳ app/views/recipes/index.html.erb:6
  Rendered recipes/_recipe.html.erb (Duration: 0.1ms | Allocations: 24)
  Rendered recipes/_recipe.html.erb (Duration: 0.1ms | Allocations: 23)
  Rendered recipes/_recipe.html.erb (Duration: 0.5ms | Allocations: 23)
  Rendered recipes/index.html.erb within layouts/standard (Duration: 32.4ms | Allocations: 1197)
  Rendered layout layouts/standard.html.erb (Duration: 112.0ms | Allocations: 2056)
Completed 200 OK in 139ms (Views: 129.2ms | ActiveRecord: 0.4ms | Allocations: 2366)


Started GET "/recipes/new" for 127.0.0.1 at 2022-06-29 09:57:46 -0400
Processing by RecipesController#new as HTML
  Rendering layout layouts/standard.html.erb
  Rendering recipes/new.html.erb within layouts/standard
  Rendered recipes/_form.html.erb (Duration: 83.6ms | Allocations: 3520)
  Rendered recipes/new.html.erb within layouts/standard (Duration: 120.9ms | Allocations: 3839)
  Rendered layout layouts/standard.html.erb (Duration: 138.6ms | Allocations: 4695)
Completed 200 OK in 184ms (Views: 152.1ms | ActiveRecord: 0.0ms | Allocations: 5085)


Started GET "/recipes/new" for 127.0.0.1 at 2022-06-29 09:58:30 -0400
Processing by RecipesController#new as HTML
  Rendering layout layouts/standard.html.erb
  Rendering recipes/new.html.erb within layouts/standard
  Rendered recipes/_form.html.erb (Duration: 14.6ms | Allocations: 1463)
  Rendered recipes/new.html.erb within layouts/standard (Duration: 21.6ms | Allocations: 1785)
  Rendered layout layouts/standard.html.erb (Duration: 68.6ms | Allocations: 2918)
Completed 200 OK in 118ms (Views: 90.4ms | ActiveRecord: 0.0ms | Allocations: 3877)


Started GET "/recipes" for 127.0.0.1 at 2022-06-29 09:59:56 -0400
Processing by RecipesController#index as HTML
  Rendering layout layouts/standard.html.erb
  Rendering recipes/index.html.erb within layouts/standard
  [1m[36mRecipe Load (0.5ms)[0m  [1m[34mSELECT "recipes".* FROM "recipes"[0m
  ↳ app/views/recipes/index.html.erb:6
  Rendered recipes/_recipe.html.erb (Duration: 2.8ms | Allocations: 192)
  Rendered recipes/_recipe.html.erb (Duration: 0.3ms | Allocations: 23)
  Rendered recipes/_recipe.html.erb (Duration: 1.8ms | Allocations: 23)
  Rendered recipes/index.html.erb within layouts/standard (Duration: 52.1ms | Allocations: 1694)
  Rendered layout layouts/standard.html.erb (Duration: 70.8ms | Allocations: 2787)
Completed 200 OK in 98ms (Views: 92.9ms | ActiveRecord: 0.5ms | Allocations: 3769)


Started GET "/recipes" for 127.0.0.1 at 2022-06-29 10:00:33 -0400
Processing by RecipesController#index as HTML
  Rendering layout layouts/standard.html.erb
  Rendering recipes/index.html.erb within layouts/standard
  [1m[36mRecipe Load (2.4ms)[0m  [1m[34mSELECT "recipes".* FROM "recipes"[0m
  ↳ app/views/recipes/index.html.erb:6
  Rendered recipes/_recipe.html.erb (Duration: 3.7ms | Allocations: 192)
  Rendered recipes/_recipe.html.erb (Duration: 0.2ms | Allocations: 23)
  Rendered recipes/_recipe.html.erb (Duration: 0.1ms | Allocations: 23)
  Rendered recipes/index.html.erb within layouts/standard (Duration: 30.5ms | Allocations: 1714)
  Rendered layout layouts/standard.html.erb (Duration: 61.3ms | Allocations: 2808)
Completed 200 OK in 73ms (Views: 65.2ms | ActiveRecord: 2.4ms | Allocations: 3799)


Started GET "/recipes" for 127.0.0.1 at 2022-06-29 10:01:22 -0400
Processing by RecipesController#index as HTML
  Rendering layout layouts/standard.html.erb
  Rendering recipes/index.html.erb within layouts/standard
  [1m[36mRecipe Load (2.7ms)[0m  [1m[34mSELECT "recipes".* FROM "recipes"[0m
  ↳ app/views/recipes/index.html.erb:6
  Rendered recipes/_recipe.html.erb (Duration: 13.4ms | Allocations: 192)
  Rendered recipes/_recipe.html.erb (Duration: 1.3ms | Allocations: 23)
  Rendered recipes/_recipe.html.erb (Duration: 0.3ms | Allocations: 23)
  Rendered recipes/index.html.erb within layouts/standard (Duration: 60.1ms | Allocations: 1704)
  Rendered layout layouts/standard.html.erb (Duration: 72.1ms | Allocations: 2797)
Completed 200 OK in 95ms (Views: 87.2ms | ActiveRecord: 2.7ms | Allocations: 3779)


Started GET "/recipes" for 127.0.0.1 at 2022-06-29 10:02:13 -0400
Processing by RecipesController#index as HTML
  Rendering layout layouts/standard.html.erb
  Rendering recipes/index.html.erb within layouts/standard
  [1m[36mRecipe Load (0.7ms)[0m  [1m[34mSELECT "recipes".* FROM "recipes"[0m
  ↳ app/views/recipes/index.html.erb:6
  Rendered recipes/_recipe.html.erb (Duration: 0.2ms | Allocations: 24)
  Rendered recipes/_recipe.html.erb (Duration: 0.2ms | Allocations: 23)
  Rendered recipes/_recipe.html.erb (Duration: 0.6ms | Allocations: 23)
  Rendered recipes/index.html.erb within layouts/standard (Duration: 47.7ms | Allocations: 1199)
  Rendered layout layouts/standard.html.erb (Duration: 181.6ms | Allocations: 3889)
Completed 200 OK in 188ms (Views: 182.4ms | ActiveRecord: 0.7ms | Allocations: 4199)


Started GET "/recipes" for 127.0.0.1 at 2022-06-29 10:04:44 -0400
Processing by RecipesController#index as HTML
  Rendering layout layouts/standard.html.erb
  Rendering recipes/index.html.erb within layouts/standard
  [1m[36mRecipe Load (0.4ms)[0m  [1m[34mSELECT "recipes".* FROM "recipes"[0m
  ↳ app/views/recipes/index.html.erb:6
  Rendered recipes/_recipe.html.erb (Duration: 2.0ms | Allocations: 192)
  Rendered recipes/_recipe.html.erb (Duration: 0.2ms | Allocations: 23)
  Rendered recipes/_recipe.html.erb (Duration: 0.3ms | Allocations: 23)
  Rendered recipes/index.html.erb within layouts/standard (Duration: 20.4ms | Allocations: 1716)
  Rendered layout layouts/standard.html.erb (Duration: 39.9ms | Allocations: 2843)
Completed 200 OK in 49ms (Views: 42.9ms | ActiveRecord: 0.4ms | Allocations: 3824)


Started GET "/recipes" for 127.0.0.1 at 2022-06-29 10:05:43 -0400
Processing by RecipesController#index as HTML
  Rendering layout layouts/standard.html.erb
  Rendering recipes/index.html.erb within layouts/standard
  [1m[36mRecipe Load (0.4ms)[0m  [1m[34mSELECT "recipes".* FROM "recipes"[0m
  ↳ app/views/recipes/index.html.erb:6
  Rendered recipes/_recipe.html.erb (Duration: 2.4ms | Allocations: 192)
  Rendered recipes/_recipe.html.erb (Duration: 0.2ms | Allocations: 23)
  Rendered recipes/_recipe.html.erb (Duration: 0.1ms | Allocations: 23)
  Rendered recipes/index.html.erb within layouts/standard (Duration: 19.9ms | Allocations: 1702)
  Rendered layout layouts/standard.html.erb (Duration: 57.6ms | Allocations: 2829)
Completed 200 OK in 68ms (Views: 63.3ms | ActiveRecord: 0.4ms | Allocations: 3811)


Started GET "/recipes" for 127.0.0.1 at 2022-06-29 10:06:16 -0400
Processing by RecipesController#index as HTML
  Rendering layout layouts/standard.html.erb
  Rendering recipes/index.html.erb within layouts/standard
  [1m[36mRecipe Load (0.4ms)[0m  [1m[34mSELECT "recipes".* FROM "recipes"[0m
  ↳ app/views/recipes/index.html.erb:6
  Rendered recipes/_recipe.html.erb (Duration: 2.5ms | Allocations: 192)
  Rendered recipes/_recipe.html.erb (Duration: 0.2ms | Allocations: 23)
  Rendered recipes/_recipe.html.erb (Duration: 0.3ms | Allocations: 23)
  Rendered recipes/index.html.erb within layouts/standard (Duration: 18.2ms | Allocations: 1702)
  Rendered layout layouts/standard.html.erb (Duration: 54.7ms | Allocations: 2829)
Completed 200 OK in 67ms (Views: 58.4ms | ActiveRecord: 0.4ms | Allocations: 3811)


Started GET "/recipes" for 127.0.0.1 at 2022-06-29 10:12:25 -0400
Processing by RecipesController#index as HTML
  Rendering layout layouts/standard.html.erb
  Rendering recipes/index.html.erb within layouts/standard
  [1m[35m (0.2ms)[0m  [1m[34mSELECT sqlite_version(*)[0m
  ↳ app/views/recipes/index.html.erb:6
  [1m[36mRecipe Load (2.2ms)[0m  [1m[34mSELECT "recipes".* FROM "recipes"[0m
  ↳ app/views/recipes/index.html.erb:6
  Rendered recipes/_recipe.html.erb (Duration: 11.8ms | Allocations: 214)
  Rendered recipes/_recipe.html.erb (Duration: 1.2ms | Allocations: 23)
  Rendered recipes/_recipe.html.erb (Duration: 0.1ms | Allocations: 23)
  Rendered recipes/index.html.erb within layouts/standard (Duration: 107.9ms | Allocations: 2327)
  Rendered layout layouts/standard.html.erb (Duration: 170.4ms | Allocations: 3459)
Completed 200 OK in 184ms (Views: 178.6ms | ActiveRecord: 3.8ms | Allocations: 4439)


Started GET "/recipes" for 127.0.0.1 at 2022-06-29 10:12:28 -0400
Processing by RecipesController#index as HTML
  Rendering layout layouts/standard.html.erb
  Rendering recipes/index.html.erb within layouts/standard
  [1m[36mRecipe Load (0.3ms)[0m  [1m[34mSELECT "recipes".* FROM "recipes"[0m
  ↳ app/views/recipes/index.html.erb:6
  Rendered recipes/_recipe.html.erb (Duration: 0.2ms | Allocations: 24)
  Rendered recipes/_recipe.html.erb (Duration: 0.2ms | Allocations: 23)
  Rendered recipes/_recipe.html.erb (Duration: 0.1ms | Allocations: 23)
  Rendered recipes/index.html.erb within layouts/standard (Duration: 5.9ms | Allocations: 1199)
  Rendered layout layouts/standard.html.erb (Duration: 41.2ms | Allocations: 2055)
Completed 200 OK in 53ms (Views: 42.8ms | ActiveRecord: 0.3ms | Allocations: 2365)


Started GET "/recipes" for 127.0.0.1 at 2022-06-29 10:14:25 -0400
Processing by RecipesController#index as HTML
  Rendering layout layouts/standard.html.erb
  Rendering recipes/index.html.erb within layouts/standard
  [1m[36mRecipe Load (3.5ms)[0m  [1m[34mSELECT "recipes".* FROM "recipes"[0m
  ↳ app/views/recipes/index.html.erb:6
  Rendered recipes/_recipe.html.erb (Duration: 4.0ms | Allocations: 192)
  Rendered recipes/_recipe.html.erb (Duration: 0.3ms | Allocations: 23)
  Rendered recipes/_recipe.html.erb (Duration: 0.2ms | Allocations: 23)
  Rendered recipes/index.html.erb within layouts/standard (Duration: 33.4ms | Allocations: 1706)
  Rendered layout layouts/standard.html.erb (Duration: 68.5ms | Allocations: 2837)
Completed 200 OK in 86ms (Views: 72.0ms | ActiveRecord: 3.5ms | Allocations: 3818)


Started GET "/recipes" for 127.0.0.1 at 2022-06-29 10:15:09 -0400
Processing by RecipesController#index as HTML
  Rendering layout layouts/standard.html.erb
  Rendering recipes/index.html.erb within layouts/standard
  [1m[36mRecipe Load (0.7ms)[0m  [1m[34mSELECT "recipes".* FROM "recipes"[0m
  ↳ app/views/recipes/index.html.erb:6
  Rendered recipes/_recipe.html.erb (Duration: 14.6ms | Allocations: 192)
  Rendered recipes/_recipe.html.erb (Duration: 0.2ms | Allocations: 23)
  Rendered recipes/_recipe.html.erb (Duration: 0.1ms | Allocations: 23)
  Rendered recipes/index.html.erb within layouts/standard (Duration: 49.8ms | Allocations: 1714)
  Rendered layout layouts/standard.html.erb (Duration: 65.9ms | Allocations: 2845)
Completed 200 OK in 74ms (Views: 69.4ms | ActiveRecord: 0.7ms | Allocations: 3827)


Started GET "/recipes" for 127.0.0.1 at 2022-06-29 10:19:00 -0400
Processing by RecipesController#index as HTML
  Rendering layout layouts/standard.html.erb
  Rendering recipes/index.html.erb within layouts/standard
  [1m[36mRecipe Load (2.4ms)[0m  [1m[34mSELECT "recipes".* FROM "recipes"[0m
  ↳ app/views/recipes/index.html.erb:6
  Rendered recipes/_recipe.html.erb (Duration: 3.9ms | Allocations: 192)
  Rendered recipes/_recipe.html.erb (Duration: 0.2ms | Allocations: 23)
  Rendered recipes/_recipe.html.erb (Duration: 0.3ms | Allocations: 23)
  Rendered recipes/index.html.erb within layouts/standard (Duration: 28.3ms | Allocations: 1708)
  Rendered layout layouts/standard.html.erb (Duration: 40.6ms | Allocations: 2840)
Completed 200 OK in 48ms (Views: 41.7ms | ActiveRecord: 2.4ms | Allocations: 3822)


Started GET "/recipes" for 127.0.0.1 at 2022-06-29 10:23:04 -0400
Processing by RecipesController#index as HTML
  Rendering layout layouts/standard.html.erb
  Rendering recipes/index.html.erb within layouts/standard
  [1m[36mRecipe Load (0.6ms)[0m  [1m[34mSELECT "recipes".* FROM "recipes"[0m
  ↳ app/views/recipes/index.html.erb:6
  Rendered recipes/_recipe.html.erb (Duration: 2.0ms | Allocations: 192)
  Rendered recipes/_recipe.html.erb (Duration: 0.3ms | Allocations: 23)
  Rendered recipes/_recipe.html.erb (Duration: 0.2ms | Allocations: 23)
  Rendered recipes/index.html.erb within layouts/standard (Duration: 13.7ms | Allocations: 1712)
  Rendered layout layouts/standard.html.erb (Duration: 37.6ms | Allocations: 2850)
Completed 200 OK in 56ms (Views: 46.9ms | ActiveRecord: 0.6ms | Allocations: 3832)


Started GET "/recipes" for 127.0.0.1 at 2022-06-29 10:26:48 -0400
Processing by RecipesController#index as HTML
  Rendering layout layouts/standard.html.erb
  Rendering recipes/index.html.erb within layouts/standard
  [1m[36mRecipe Load (0.9ms)[0m  [1m[34mSELECT "recipes".* FROM "recipes"[0m
  ↳ app/views/recipes/index.html.erb:6
  Rendered recipes/_recipe.html.erb (Duration: 2.2ms | Allocations: 192)
  Rendered recipes/_recipe.html.erb (Duration: 0.1ms | Allocations: 23)
  Rendered recipes/_recipe.html.erb (Duration: 0.1ms | Allocations: 23)
  Rendered recipes/index.html.erb within layouts/standard (Duration: 22.3ms | Allocations: 1700)
  Rendered layout layouts/standard.html.erb (Duration: 93.2ms | Allocations: 4054)
Completed 200 OK in 106ms (Views: 99.2ms | ActiveRecord: 0.9ms | Allocations: 5036)


Started GET "/recipes" for 127.0.0.1 at 2022-06-29 10:40:11 -0400
Processing by RecipesController#index as HTML
  Rendering layout layouts/standard.html.erb
  Rendering recipes/index.html.erb within layouts/standard
  [1m[35m (0.1ms)[0m  [1m[34mSELECT sqlite_version(*)[0m
  ↳ app/views/recipes/index.html.erb:6
  [1m[36mRecipe Load (0.6ms)[0m  [1m[34mSELECT "recipes".* FROM "recipes"[0m
  ↳ app/views/recipes/index.html.erb:6
  Rendered recipes/_recipe.html.erb (Duration: 2.5ms | Allocations: 248)
  Rendered recipes/_recipe.html.erb (Duration: 0.1ms | Allocations: 25)
  Rendered recipes/_recipe.html.erb (Duration: 0.2ms | Allocations: 25)
  Rendered recipes/index.html.erb within layouts/standard (Duration: 49.0ms | Allocations: 2358)
  Rendered layout layouts/standard.html.erb (Duration: 70.1ms | Allocations: 3498)
Completed 200 OK in 82ms (Views: 74.8ms | ActiveRecord: 1.8ms | Allocations: 4478)


Started GET "/..." for 127.0.0.1 at 2022-06-29 10:40:12 -0400
  
ActionController::RoutingError (No route matches [GET] "/..."):
  
Started GET "/recipes" for 127.0.0.1 at 2022-06-29 10:42:25 -0400
Processing by RecipesController#index as HTML
  Rendering layout layouts/standard.html.erb
  Rendering recipes/index.html.erb within layouts/standard
  [1m[36mRecipe Load (0.5ms)[0m  [1m[34mSELECT "recipes".* FROM "recipes"[0m
  ↳ app/views/recipes/index.html.erb:6
  Rendered recipes/_recipe.html.erb (Duration: 1.8ms | Allocations: 332)
  Rendered recipes/_recipe.html.erb (Duration: 0.1ms | Allocations: 63)
  Rendered recipes/_recipe.html.erb (Duration: 0.1ms | Allocations: 63)
  Rendered recipes/index.html.erb within layouts/standard (Duration: 8.8ms | Allocations: 1902)
  Rendered layout layouts/standard.html.erb (Duration: 18.4ms | Allocations: 3047)
Completed 200 OK in 26ms (Views: 21.0ms | ActiveRecord: 0.5ms | Allocations: 4030)


Started GET "/..." for 127.0.0.1 at 2022-06-29 10:42:26 -0400
  
ActionController::RoutingError (No route matches [GET] "/..."):
  
Started GET "/%3Ca%20href=" for 127.0.0.1 at 2022-06-29 10:42:31 -0400
  
ActionController::RoutingError (No route matches [GET] "/%3Ca%20href="):
  
Started GET "/recipes" for 127.0.0.1 at 2022-06-29 10:43:34 -0400
Processing by RecipesController#index as HTML
  Rendering layout layouts/standard.html.erb
  Rendering recipes/index.html.erb within layouts/standard
  [1m[36mRecipe Load (0.3ms)[0m  [1m[34mSELECT "recipes".* FROM "recipes"[0m
  ↳ app/views/recipes/index.html.erb:6
  Rendered recipes/_recipe.html.erb (Duration: 1.7ms | Allocations: 245)
  Rendered recipes/_recipe.html.erb (Duration: 0.1ms | Allocations: 25)
  Rendered recipes/_recipe.html.erb (Duration: 0.1ms | Allocations: 25)
  Rendered recipes/index.html.erb within layouts/standard (Duration: 10.2ms | Allocations: 1774)
  Rendered layout layouts/standard.html.erb (Duration: 17.6ms | Allocations: 2914)
Completed 200 OK in 25ms (Views: 20.0ms | ActiveRecord: 0.3ms | Allocations: 3897)


Started GET "/..." for 127.0.0.1 at 2022-06-29 10:43:34 -0400
  
ActionController::RoutingError (No route matches [GET] "/..."):
  
Started GET "/recipes/1" for 127.0.0.1 at 2022-06-29 10:44:34 -0400
Processing by RecipesController#show as HTML
  Parameters: {"id"=>"1"}
  [1m[36mRecipe Load (0.3ms)[0m  [1m[34mSELECT "recipes".* FROM "recipes" WHERE "recipes"."id" = ? LIMIT ?[0m  [["id", 1], ["LIMIT", 1]]
  ↳ app/controllers/recipes_controller.rb:65:in `set_recipe'
  Rendering layout layouts/standard.html.erb
  Rendering recipes/show.html.erb within layouts/standard
  Rendered recipes/_recipe.html.erb (Duration: 0.1ms | Allocations: 26)
  Rendered recipes/show.html.erb within layouts/standard (Duration: 4.3ms | Allocations: 851)
  Rendered layout layouts/standard.html.erb (Duration: 9.9ms | Allocations: 1699)
Completed 200 OK in 16ms (Views: 11.1ms | ActiveRecord: 0.3ms | Allocations: 2553)


Started GET "/recipes/..." for 127.0.0.1 at 2022-06-29 10:44:34 -0400
  
ActionController::RoutingError (No route matches [GET] "/recipes/..."):
  
Started GET "/recipes/1" for 127.0.0.1 at 2022-06-29 10:45:54 -0400
Processing by RecipesController#show as HTML
  Parameters: {"id"=>"1"}
  [1m[36mRecipe Load (0.3ms)[0m  [1m[34mSELECT "recipes".* FROM "recipes" WHERE "recipes"."id" = ? LIMIT ?[0m  [["id", 1], ["LIMIT", 1]]
  ↳ app/controllers/recipes_controller.rb:65:in `set_recipe'
  Rendering layout layouts/standard.html.erb
  Rendering recipes/show.html.erb within layouts/standard
  Rendered recipes/_recipe.html.erb (Duration: 2.2ms | Allocations: 245)
  Rendered recipes/show.html.erb within layouts/standard (Duration: 7.0ms | Allocations: 1173)
  Rendered layout layouts/standard.html.erb (Duration: 14.7ms | Allocations: 2310)
Completed 200 OK in 22ms (Views: 17.4ms | ActiveRecord: 0.3ms | Allocations: 3735)


Started GET "/recipes/" for 127.0.0.1 at 2022-06-29 11:03:05 -0400
Processing by RecipesController#index as HTML
  Rendering layout layouts/standard.html.erb
  Rendering recipes/index.html.erb within layouts/standard
  [1m[35m (0.1ms)[0m  [1m[34mSELECT sqlite_version(*)[0m
  ↳ app/views/recipes/index.html.erb:6
  [1m[36mRecipe Load (0.5ms)[0m  [1m[34mSELECT "recipes".* FROM "recipes"[0m
  ↳ app/views/recipes/index.html.erb:6
  Rendered recipes/_recipe.html.erb (Duration: 0.1ms | Allocations: 26)
  Rendered recipes/_recipe.html.erb (Duration: 0.1ms | Allocations: 25)
  Rendered recipes/_recipe.html.erb (Duration: 0.1ms | Allocations: 25)
  Rendered recipes/index.html.erb within layouts/standard (Duration: 8.5ms | Allocations: 2018)
  Rendered layout layouts/standard.html.erb (Duration: 15.4ms | Allocations: 2874)
Completed 200 OK in 22ms (Views: 16.4ms | ActiveRecord: 0.9ms | Allocations: 3260)


Started GET "/recipes/" for 127.0.0.1 at 2022-06-29 11:03:56 -0400
Processing by RecipesController#index as HTML
  Rendering layout layouts/standard.html.erb
  Rendering recipes/index.html.erb within layouts/standard
  [1m[36mRecipe Load (0.3ms)[0m  [1m[34mSELECT "recipes".* FROM "recipes"[0m
  ↳ app/views/recipes/index.html.erb:6
  Rendered recipes/_recipe.html.erb (Duration: 1.4ms | Allocations: 244)
  Rendered recipes/_recipe.html.erb (Duration: 0.1ms | Allocations: 25)
  Rendered recipes/_recipe.html.erb (Duration: 0.1ms | Allocations: 25)
  Rendered recipes/index.html.erb within layouts/standard (Duration: 9.0ms | Allocations: 1763)
  Rendered layout layouts/standard.html.erb (Duration: 16.7ms | Allocations: 2903)
Completed 200 OK in 25ms (Views: 19.7ms | ActiveRecord: 0.3ms | Allocations: 3885)


Started GET "/recipes/" for 127.0.0.1 at 2022-06-29 11:06:55 -0400
Processing by RecipesController#index as HTML
  Rendering layout layouts/standard.html.erb
  Rendering recipes/index.html.erb within layouts/standard
  [1m[36mRecipe Load (0.3ms)[0m  [1m[34mSELECT "recipes".* FROM "recipes"[0m
  ↳ app/views/recipes/index.html.erb:9
  Rendered recipes/_recipe.html.erb (Duration: 1.5ms | Allocations: 244)
  Rendered recipes/_recipe.html.erb (Duration: 0.1ms | Allocations: 25)
  Rendered recipes/_recipe.html.erb (Duration: 0.2ms | Allocations: 25)
  Rendered recipes/index.html.erb within layouts/standard (Duration: 10.1ms | Allocations: 1783)
  Rendered layout layouts/standard.html.erb (Duration: 18.7ms | Allocations: 2923)
Completed 200 OK in 27ms (Views: 21.4ms | ActiveRecord: 0.3ms | Allocations: 3905)


Started GET "/recipes/" for 127.0.0.1 at 2022-06-29 11:07:20 -0400
Processing by RecipesController#index as HTML
  Rendering layout layouts/standard.html.erb
  Rendering recipes/index.html.erb within layouts/standard
  [1m[36mRecipe Load (0.3ms)[0m  [1m[34mSELECT "recipes".* FROM "recipes"[0m
  ↳ app/views/recipes/index.html.erb:9
  Rendered recipes/_recipe.html.erb (Duration: 2.0ms | Allocations: 244)
  Rendered recipes/_recipe.html.erb (Duration: 0.1ms | Allocations: 25)
  Rendered recipes/_recipe.html.erb (Duration: 0.2ms | Allocations: 25)
  Rendered recipes/index.html.erb within layouts/standard (Duration: 13.4ms | Allocations: 1787)
  Rendered layout layouts/standard.html.erb (Duration: 28.7ms | Allocations: 2932)
Completed 200 OK in 36ms (Views: 32.8ms | ActiveRecord: 0.3ms | Allocations: 3914)


Started GET "/recipes/" for 127.0.0.1 at 2022-06-29 11:07:21 -0400
Processing by RecipesController#index as HTML
  Rendering layout layouts/standard.html.erb
  Rendering recipes/index.html.erb within layouts/standard
  [1m[36mRecipe Load (0.3ms)[0m  [1m[34mSELECT "recipes".* FROM "recipes"[0m
  ↳ app/views/recipes/index.html.erb:9
  Rendered recipes/_recipe.html.erb (Duration: 0.1ms | Allocations: 26)
  Rendered recipes/_recipe.html.erb (Duration: 0.1ms | Allocations: 25)
  Rendered recipes/_recipe.html.erb (Duration: 0.2ms | Allocations: 25)
  Rendered recipes/index.html.erb within layouts/standard (Duration: 5.2ms | Allocations: 1197)
  Rendered layout layouts/standard.html.erb (Duration: 13.0ms | Allocations: 2053)
Completed 200 OK in 16ms (Views: 13.7ms | ActiveRecord: 0.3ms | Allocations: 2364)


Started GET "/recipes/" for 127.0.0.1 at 2022-06-29 11:08:18 -0400
Processing by RecipesController#index as HTML
  Rendering layout layouts/standard.html.erb
  Rendering recipes/index.html.erb within layouts/standard
  [1m[36mRecipe Load (0.4ms)[0m  [1m[34mSELECT "recipes".* FROM "recipes"[0m
  ↳ app/views/recipes/index.html.erb:9
  Rendered recipes/_recipe.html.erb (Duration: 1.9ms | Allocations: 244)
  Rendered recipes/_recipe.html.erb (Duration: 0.1ms | Allocations: 25)
  Rendered recipes/_recipe.html.erb (Duration: 0.1ms | Allocations: 25)
  Rendered recipes/index.html.erb within layouts/standard (Duration: 10.2ms | Allocations: 1771)
  Rendered layout layouts/standard.html.erb (Duration: 18.9ms | Allocations: 2911)
Completed 200 OK in 26ms (Views: 22.5ms | ActiveRecord: 0.4ms | Allocations: 3892)


Started GET "/recipes/1" for 127.0.0.1 at 2022-06-29 11:08:21 -0400
Processing by RecipesController#show as HTML
  Parameters: {"id"=>"1"}
  [1m[36mRecipe Load (0.4ms)[0m  [1m[34mSELECT "recipes".* FROM "recipes" WHERE "recipes"."id" = ? LIMIT ?[0m  [["id", 1], ["LIMIT", 1]]
  ↳ app/controllers/recipes_controller.rb:65:in `set_recipe'
  Rendering layout layouts/standard.html.erb
  Rendering recipes/show.html.erb within layouts/standard
  Rendered recipes/_recipe.html.erb (Duration: 0.1ms | Allocations: 26)
  Rendered recipes/show.html.erb within layouts/standard (Duration: 4.4ms | Allocations: 839)
  Rendered layout layouts/standard.html.erb (Duration: 10.2ms | Allocations: 1687)
Completed 200 OK in 16ms (Views: 11.4ms | ActiveRecord: 0.4ms | Allocations: 2542)


Started GET "/recipes/" for 127.0.0.1 at 2022-06-29 11:10:06 -0400
Processing by RecipesController#index as HTML
  Rendering layout layouts/standard.html.erb
  Rendering recipes/index.html.erb within layouts/standard
  [1m[36mRecipe Load (0.3ms)[0m  [1m[34mSELECT "recipes".* FROM "recipes"[0m
  ↳ app/views/recipes/index.html.erb:9
  Rendered recipes/_recipe.html.erb (Duration: 1.7ms | Allocations: 244)
  Rendered recipes/_recipe.html.erb (Duration: 0.1ms | Allocations: 25)
  Rendered recipes/_recipe.html.erb (Duration: 0.1ms | Allocations: 25)
  Rendered recipes/index.html.erb within layouts/standard (Duration: 11.9ms | Allocations: 1900)
  Rendered layout layouts/standard.html.erb (Duration: 23.4ms | Allocations: 3040)
Completed 200 OK in 30ms (Views: 25.8ms | ActiveRecord: 0.3ms | Allocations: 4021)


Started GET "/recipes/" for 127.0.0.1 at 2022-06-29 11:10:39 -0400
Processing by RecipesController#index as HTML
  Rendering layout layouts/standard.html.erb
  Rendering recipes/index.html.erb within layouts/standard
  [1m[36mRecipe Load (0.3ms)[0m  [1m[34mSELECT "recipes".* FROM "recipes"[0m
  ↳ app/views/recipes/index.html.erb:9
  Rendered recipes/_recipe.html.erb (Duration: 4.6ms | Allocations: 245)
  Rendered recipes/_recipe.html.erb (Duration: 0.1ms | Allocations: 25)
  Rendered recipes/_recipe.html.erb (Duration: 0.1ms | Allocations: 25)
  Rendered recipes/index.html.erb within layouts/standard (Duration: 12.9ms | Allocations: 1895)
  Rendered layout layouts/standard.html.erb (Duration: 23.4ms | Allocations: 3035)
Completed 200 OK in 29ms (Views: 26.0ms | ActiveRecord: 0.3ms | Allocations: 4017)


Started GET "/recipes/" for 127.0.0.1 at 2022-06-29 11:10:40 -0400
Processing by RecipesController#index as HTML
  Rendering layout layouts/standard.html.erb
  Rendering recipes/index.html.erb within layouts/standard
  [1m[36mRecipe Load (0.3ms)[0m  [1m[34mSELECT "recipes".* FROM "recipes"[0m
  ↳ app/views/recipes/index.html.erb:9
  Rendered recipes/_recipe.html.erb (Duration: 0.1ms | Allocations: 26)
  Rendered recipes/_recipe.html.erb (Duration: 0.1ms | Allocations: 25)
  Rendered recipes/_recipe.html.erb (Duration: 0.1ms | Allocations: 25)
  Rendered recipes/index.html.erb within layouts/standard (Duration: 5.6ms | Allocations: 1321)
  Rendered layout layouts/standard.html.erb (Duration: 13.0ms | Allocations: 2177)
Completed 200 OK in 16ms (Views: 13.8ms | ActiveRecord: 0.3ms | Allocations: 2487)


Started GET "/recipes/" for 127.0.0.1 at 2022-06-29 11:10:53 -0400
Processing by RecipesController#index as HTML
  Rendering layout layouts/standard.html.erb
  Rendering recipes/index.html.erb within layouts/standard
  [1m[36mRecipe Load (0.4ms)[0m  [1m[34mSELECT "recipes".* FROM "recipes"[0m
  ↳ app/views/recipes/index.html.erb:9
  Rendered recipes/_recipe.html.erb (Duration: 1.9ms | Allocations: 244)
  Rendered recipes/_recipe.html.erb (Duration: 0.1ms | Allocations: 25)
  Rendered recipes/_recipe.html.erb (Duration: 0.2ms | Allocations: 25)
  Rendered recipes/index.html.erb within layouts/standard (Duration: 12.2ms | Allocations: 1903)
  Rendered layout layouts/standard.html.erb (Duration: 25.2ms | Allocations: 3043)
Completed 200 OK in 34ms (Views: 29.2ms | ActiveRecord: 0.4ms | Allocations: 4024)


Started GET "/recipes/" for 127.0.0.1 at 2022-06-29 11:11:04 -0400
Processing by RecipesController#index as HTML
  Rendering layout layouts/standard.html.erb
  Rendering recipes/index.html.erb within layouts/standard
  [1m[36mRecipe Load (0.5ms)[0m  [1m[34mSELECT "recipes".* FROM "recipes"[0m
  ↳ app/views/recipes/index.html.erb:9
  Rendered recipes/_recipe.html.erb (Duration: 2.5ms | Allocations: 244)
  Rendered recipes/_recipe.html.erb (Duration: 0.6ms | Allocations: 25)
  Rendered recipes/_recipe.html.erb (Duration: 0.1ms | Allocations: 25)
  Rendered recipes/index.html.erb within layouts/standard (Duration: 15.6ms | Allocations: 1905)
  Rendered layout layouts/standard.html.erb (Duration: 27.4ms | Allocations: 3045)
Completed 200 OK in 40ms (Views: 33.8ms | ActiveRecord: 0.5ms | Allocations: 4027)


Started GET "/recipes/" for 127.0.0.1 at 2022-06-29 11:11:26 -0400
Processing by RecipesController#index as HTML
  Rendering layout layouts/standard.html.erb
  Rendering recipes/index.html.erb within layouts/standard
  [1m[36mRecipe Load (0.3ms)[0m  [1m[34mSELECT "recipes".* FROM "recipes"[0m
  ↳ app/views/recipes/index.html.erb:9
  Rendered recipes/_recipe.html.erb (Duration: 1.4ms | Allocations: 244)
  Rendered recipes/_recipe.html.erb (Duration: 0.1ms | Allocations: 25)
  Rendered recipes/_recipe.html.erb (Duration: 0.1ms | Allocations: 25)
  Rendered recipes/index.html.erb within layouts/standard (Duration: 10.0ms | Allocations: 1905)
  Rendered layout layouts/standard.html.erb (Duration: 19.4ms | Allocations: 3045)
Completed 200 OK in 26ms (Views: 23.3ms | ActiveRecord: 0.3ms | Allocations: 4027)


Started GET "/recipes/%3Ca%20href=%22/recipes/1%22%3E%3C/a%3E" for 127.0.0.1 at 2022-06-29 11:11:40 -0400
  
ActionController::RoutingError (No route matches [GET] "/recipes/%3Ca%20href=%22/recipes/1%22%3E%3C/a%3E"):
  
Started GET "/recipes/" for 127.0.0.1 at 2022-06-29 11:13:06 -0400
Processing by RecipesController#index as HTML
  Rendering layout layouts/standard.html.erb
  Rendering recipes/index.html.erb within layouts/standard
  [1m[36mRecipe Load (0.3ms)[0m  [1m[34mSELECT "recipes".* FROM "recipes"[0m
  ↳ app/views/recipes/index.html.erb:9
  Rendered recipes/_recipe.html.erb (Duration: 1.4ms | Allocations: 244)
  Rendered recipes/_recipe.html.erb (Duration: 0.1ms | Allocations: 25)
  Rendered recipes/_recipe.html.erb (Duration: 0.1ms | Allocations: 25)
  Rendered recipes/index.html.erb within layouts/standard (Duration: 8.5ms | Allocations: 1892)
  Rendered layout layouts/standard.html.erb (Duration: 16.6ms | Allocations: 3032)
Completed 200 OK in 25ms (Views: 19.3ms | ActiveRecord: 0.3ms | Allocations: 4015)


Started GET "/recipes/1" for 127.0.0.1 at 2022-06-29 11:13:35 -0400
Processing by RecipesController#show as HTML
  Parameters: {"id"=>"1"}
  [1m[36mRecipe Load (0.3ms)[0m  [1m[34mSELECT "recipes".* FROM "recipes" WHERE "recipes"."id" = ? LIMIT ?[0m  [["id", 1], ["LIMIT", 1]]
  ↳ app/controllers/recipes_controller.rb:65:in `set_recipe'
  Rendering layout layouts/standard.html.erb
  Rendering recipes/show.html.erb within layouts/standard
  Rendered recipes/_recipe.html.erb (Duration: 0.1ms | Allocations: 26)
  Rendered recipes/show.html.erb within layouts/standard (Duration: 3.0ms | Allocations: 849)
  Rendered layout layouts/standard.html.erb (Duration: 12.0ms | Allocations: 1698)
Completed 200 OK in 18ms (Views: 13.4ms | ActiveRecord: 0.3ms | Allocations: 2528)


Started GET "/recipes/" for 127.0.0.1 at 2022-06-29 11:13:46 -0400
Processing by RecipesController#index as HTML
  Rendering layout layouts/standard.html.erb
  Rendering recipes/index.html.erb within layouts/standard
  [1m[36mRecipe Load (1.7ms)[0m  [1m[34mSELECT "recipes".* FROM "recipes"[0m
  ↳ app/views/recipes/index.html.erb:9
  Rendered recipes/_recipe.html.erb (Duration: 3.4ms | Allocations: 244)
  Rendered recipes/_recipe.html.erb (Duration: 0.1ms | Allocations: 25)
  Rendered recipes/_recipe.html.erb (Duration: 0.1ms | Allocations: 25)
  Rendered recipes/index.html.erb within layouts/standard (Duration: 16.6ms | Allocations: 1898)
  Rendered layout layouts/standard.html.erb (Duration: 27.8ms | Allocations: 3038)
Completed 200 OK in 37ms (Views: 31.5ms | ActiveRecord: 1.7ms | Allocations: 4019)


Started GET "/recipes/" for 127.0.0.1 at 2022-06-29 11:15:47 -0400
Processing by RecipesController#index as HTML
  Rendering layout layouts/standard.html.erb
  Rendering recipes/index.html.erb within layouts/standard
  [1m[36mRecipe Load (0.4ms)[0m  [1m[34mSELECT "recipes".* FROM "recipes"[0m
  ↳ app/views/recipes/index.html.erb:9
  Rendered recipes/_recipe.html.erb (Duration: 2.4ms | Allocations: 244)
  Rendered recipes/_recipe.html.erb (Duration: 0.1ms | Allocations: 25)
  Rendered recipes/_recipe.html.erb (Duration: 0.1ms | Allocations: 25)
  Rendered recipes/index.html.erb within layouts/standard (Duration: 11.9ms | Allocations: 1806)
  Rendered layout layouts/standard.html.erb (Duration: 55.6ms | Allocations: 2946)
Completed 200 OK in 66ms (Views: 61.7ms | ActiveRecord: 0.4ms | Allocations: 3928)


Started GET "/recipes/1" for 127.0.0.1 at 2022-06-29 11:15:50 -0400
Processing by RecipesController#show as HTML
  Parameters: {"id"=>"1"}
  [1m[36mRecipe Load (0.2ms)[0m  [1m[34mSELECT "recipes".* FROM "recipes" WHERE "recipes"."id" = ? LIMIT ?[0m  [["id", 1], ["LIMIT", 1]]
  ↳ app/controllers/recipes_controller.rb:65:in `set_recipe'
  Rendering layout layouts/standard.html.erb
  Rendering recipes/show.html.erb within layouts/standard
  Rendered recipes/_recipe.html.erb (Duration: 0.1ms | Allocations: 26)
  Rendered recipes/show.html.erb within layouts/standard (Duration: 3.5ms | Allocations: 855)
  Rendered layout layouts/standard.html.erb (Duration: 9.3ms | Allocations: 1703)
Completed 200 OK in 18ms (Views: 10.7ms | ActiveRecord: 0.2ms | Allocations: 2533)


Started GET "/recipes/" for 127.0.0.1 at 2022-06-29 11:16:07 -0400
Processing by RecipesController#index as HTML
  Rendering layout layouts/standard.html.erb
  Rendering recipes/index.html.erb within layouts/standard
  [1m[36mRecipe Load (0.3ms)[0m  [1m[34mSELECT "recipes".* FROM "recipes"[0m
  ↳ app/views/recipes/index.html.erb:9
  Rendered recipes/_recipe.html.erb (Duration: 7.7ms | Allocations: 244)
  Rendered recipes/_recipe.html.erb (Duration: 0.1ms | Allocations: 25)
  Rendered recipes/_recipe.html.erb (Duration: 0.1ms | Allocations: 25)
  Rendered recipes/index.html.erb within layouts/standard (Duration: 17.4ms | Allocations: 1820)
  Rendered layout layouts/standard.html.erb (Duration: 27.5ms | Allocations: 2960)
Completed 200 OK in 36ms (Views: 31.1ms | ActiveRecord: 0.3ms | Allocations: 3941)


Started GET "/recipes/" for 127.0.0.1 at 2022-06-29 11:17:05 -0400
Processing by RecipesController#index as HTML
  Rendering layout layouts/standard.html.erb
  Rendering recipes/index.html.erb within layouts/standard
  [1m[36mRecipe Load (0.9ms)[0m  [1m[34mSELECT "recipes".* FROM "recipes"[0m
  ↳ app/views/recipes/index.html.erb:9
  Rendered recipes/_recipe.html.erb (Duration: 2.3ms | Allocations: 244)
  Rendered recipes/_recipe.html.erb (Duration: 0.1ms | Allocations: 25)
  Rendered recipes/_recipe.html.erb (Duration: 0.1ms | Allocations: 25)
  Rendered recipes/index.html.erb within layouts/standard (Duration: 11.0ms | Allocations: 1810)
  Rendered layout layouts/standard.html.erb (Duration: 20.5ms | Allocations: 2953)
Completed 200 OK in 27ms (Views: 22.9ms | ActiveRecord: 0.9ms | Allocations: 3935)


Started GET "/recipes/" for 127.0.0.1 at 2022-06-29 11:17:34 -0400
Processing by RecipesController#index as HTML
  Rendering layout layouts/standard.html.erb
  Rendering recipes/index.html.erb within layouts/standard
  [1m[36mRecipe Load (0.4ms)[0m  [1m[34mSELECT "recipes".* FROM "recipes"[0m
  ↳ app/views/recipes/index.html.erb:9
  Rendered recipes/_recipe.html.erb (Duration: 3.9ms | Allocations: 244)
  Rendered recipes/_recipe.html.erb (Duration: 0.1ms | Allocations: 25)
  Rendered recipes/_recipe.html.erb (Duration: 0.1ms | Allocations: 25)
  Rendered recipes/index.html.erb within layouts/standard (Duration: 11.7ms | Allocations: 1806)
  Rendered layout layouts/standard.html.erb (Duration: 19.2ms | Allocations: 2946)
Completed 200 OK in 25ms (Views: 21.7ms | ActiveRecord: 0.4ms | Allocations: 3928)


Started GET "/recipes/" for 127.0.0.1 at 2022-06-29 11:18:52 -0400
Processing by RecipesController#index as HTML
  Rendering layout layouts/standard.html.erb
  Rendering recipes/index.html.erb within layouts/standard
  [1m[36mRecipe Load (0.4ms)[0m  [1m[34mSELECT "recipes".* FROM "recipes"[0m
  ↳ app/views/recipes/index.html.erb:9
  Rendered recipes/_recipe.html.erb (Duration: 2.3ms | Allocations: 245)
  Rendered recipes/_recipe.html.erb (Duration: 0.1ms | Allocations: 25)
  Rendered recipes/_recipe.html.erb (Duration: 0.2ms | Allocations: 25)
  Rendered recipes/index.html.erb within layouts/standard (Duration: 15.0ms | Allocations: 1808)
  Rendered layout layouts/standard.html.erb (Duration: 27.4ms | Allocations: 2948)
Completed 200 OK in 39ms (Views: 30.9ms | ActiveRecord: 0.4ms | Allocations: 3930)


Started GET "/recipes/" for 127.0.0.1 at 2022-06-29 11:19:00 -0400
Processing by RecipesController#index as HTML
  Rendering layout layouts/standard.html.erb
  Rendering recipes/index.html.erb within layouts/standard
  [1m[36mRecipe Load (0.4ms)[0m  [1m[34mSELECT "recipes".* FROM "recipes"[0m
  ↳ app/views/recipes/index.html.erb:9
  Rendered recipes/_recipe.html.erb (Duration: 2.7ms | Allocations: 245)
  Rendered recipes/_recipe.html.erb (Duration: 0.1ms | Allocations: 25)
  Rendered recipes/_recipe.html.erb (Duration: 0.2ms | Allocations: 25)
  Rendered recipes/index.html.erb within layouts/standard (Duration: 19.6ms | Allocations: 1818)
  Rendered layout layouts/standard.html.erb (Duration: 28.0ms | Allocations: 2958)
Completed 200 OK in 38ms (Views: 33.9ms | ActiveRecord: 0.4ms | Allocations: 3940)


Started GET "/recipes/" for 127.0.0.1 at 2022-06-29 11:19:25 -0400
Processing by RecipesController#index as HTML
  Rendering layout layouts/standard.html.erb
  Rendering recipes/index.html.erb within layouts/standard
  [1m[36mRecipe Load (0.3ms)[0m  [1m[34mSELECT "recipes".* FROM "recipes"[0m
  ↳ app/views/recipes/index.html.erb:9
  Rendered recipes/_recipe.html.erb (Duration: 1.4ms | Allocations: 223)
  Rendered recipes/_recipe.html.erb (Duration: 0.1ms | Allocations: 19)
  Rendered recipes/_recipe.html.erb (Duration: 0.1ms | Allocations: 19)
  Rendered recipes/index.html.erb within layouts/standard (Duration: 8.3ms | Allocations: 1780)
  Rendered layout layouts/standard.html.erb (Duration: 17.5ms | Allocations: 2920)
Completed 200 OK in 24ms (Views: 20.4ms | ActiveRecord: 0.3ms | Allocations: 3902)


Started GET "/recipes/" for 127.0.0.1 at 2022-06-29 11:19:26 -0400
Processing by RecipesController#index as HTML
  Rendering layout layouts/standard.html.erb
  Rendering recipes/index.html.erb within layouts/standard
  [1m[36mRecipe Load (0.3ms)[0m  [1m[34mSELECT "recipes".* FROM "recipes"[0m
  ↳ app/views/recipes/index.html.erb:9
  Rendered recipes/_recipe.html.erb (Duration: 0.1ms | Allocations: 20)
  Rendered recipes/_recipe.html.erb (Duration: 0.1ms | Allocations: 19)
  Rendered recipes/_recipe.html.erb (Duration: 0.1ms | Allocations: 19)
  Rendered recipes/index.html.erb within layouts/standard (Duration: 4.8ms | Allocations: 1224)
  Rendered layout layouts/standard.html.erb (Duration: 14.3ms | Allocations: 2080)
Completed 200 OK in 17ms (Views: 15.2ms | ActiveRecord: 0.3ms | Allocations: 2390)


Started GET "/recipes/" for 127.0.0.1 at 2022-06-29 11:19:28 -0400
Processing by RecipesController#index as HTML
  Rendering layout layouts/standard.html.erb
  Rendering recipes/index.html.erb within layouts/standard
  [1m[36mRecipe Load (0.3ms)[0m  [1m[34mSELECT "recipes".* FROM "recipes"[0m
  ↳ app/views/recipes/index.html.erb:9
  Rendered recipes/_recipe.html.erb (Duration: 0.2ms | Allocations: 20)
  Rendered recipes/_recipe.html.erb (Duration: 0.1ms | Allocations: 19)
  Rendered recipes/_recipe.html.erb (Duration: 0.1ms | Allocations: 19)
  Rendered recipes/index.html.erb within layouts/standard (Duration: 5.3ms | Allocations: 1218)
  Rendered layout layouts/standard.html.erb (Duration: 11.5ms | Allocations: 2074)
Completed 200 OK in 19ms (Views: 13.8ms | ActiveRecord: 0.3ms | Allocations: 2383)


Started GET "/recipes/" for 127.0.0.1 at 2022-06-29 11:20:10 -0400
Processing by RecipesController#index as HTML
  Rendering layout layouts/standard.html.erb
  Rendering recipes/index.html.erb within layouts/standard
  [1m[36mRecipe Load (0.3ms)[0m  [1m[34mSELECT "recipes".* FROM "recipes"[0m
  ↳ app/views/recipes/index.html.erb:9
  Rendered recipes/_recipe.html.erb (Duration: 1.5ms | Allocations: 222)
  Rendered recipes/_recipe.html.erb (Duration: 0.1ms | Allocations: 19)
  Rendered recipes/_recipe.html.erb (Duration: 0.1ms | Allocations: 19)
  Rendered recipes/index.html.erb within layouts/standard (Duration: 9.8ms | Allocations: 1774)
  Rendered layout layouts/standard.html.erb (Duration: 19.3ms | Allocations: 2919)
Completed 200 OK in 26ms (Views: 22.1ms | ActiveRecord: 0.3ms | Allocations: 3902)


Started GET "/recipes/" for 127.0.0.1 at 2022-06-29 11:21:18 -0400
Processing by RecipesController#index as HTML
  Rendering layout layouts/standard.html.erb
  Rendering recipes/index.html.erb within layouts/standard
  [1m[36mRecipe Load (0.3ms)[0m  [1m[34mSELECT "recipes".* FROM "recipes"[0m
  ↳ app/views/recipes/index.html.erb:9
  Rendered recipes/_recipe.html.erb (Duration: 1.5ms | Allocations: 221)
  Rendered recipes/_recipe.html.erb (Duration: 0.1ms | Allocations: 19)
  Rendered recipes/_recipe.html.erb (Duration: 0.1ms | Allocations: 19)
  Rendered recipes/index.html.erb within layouts/standard (Duration: 9.3ms | Allocations: 1779)
  Rendered layout layouts/standard.html.erb (Duration: 19.2ms | Allocations: 2924)
Completed 200 OK in 26ms (Views: 22.7ms | ActiveRecord: 0.3ms | Allocations: 3908)


Started GET "/recipes/" for 127.0.0.1 at 2022-06-29 11:25:24 -0400
Processing by RecipesController#index as HTML
  Rendering layout layouts/standard.html.erb
  Rendering recipes/index.html.erb within layouts/standard
  [1m[36mRecipe Load (0.6ms)[0m  [1m[34mSELECT "recipes".* FROM "recipes"[0m
  ↳ app/views/recipes/index.html.erb:9
  Rendered recipes/_recipe.html.erb (Duration: 2.4ms | Allocations: 221)
  Rendered recipes/_recipe.html.erb (Duration: 0.1ms | Allocations: 19)
  Rendered recipes/_recipe.html.erb (Duration: 0.2ms | Allocations: 19)
  Rendered recipes/index.html.erb within layouts/standard (Duration: 11.5ms | Allocations: 1773)
  Rendered layout layouts/standard.html.erb (Duration: 19.7ms | Allocations: 2913)
Completed 200 OK in 26ms (Views: 22.0ms | ActiveRecord: 0.6ms | Allocations: 3896)


Started GET "/recipes/" for 127.0.0.1 at 2022-06-29 11:33:19 -0400
Processing by RecipesController#index as HTML
  Rendering layout layouts/standard.html.erb
  Rendering recipes/index.html.erb within layouts/standard
  [1m[35m (0.1ms)[0m  [1m[34mSELECT sqlite_version(*)[0m
  ↳ app/views/recipes/index.html.erb:9
  [1m[36mRecipe Load (0.4ms)[0m  [1m[34mSELECT "recipes".* FROM "recipes"[0m
  ↳ app/views/recipes/index.html.erb:9
  Rendered recipes/_recipe.html.erb (Duration: 1.5ms | Allocations: 247)
  Rendered recipes/_recipe.html.erb (Duration: 0.1ms | Allocations: 25)
  Rendered recipes/_recipe.html.erb (Duration: 0.1ms | Allocations: 25)
  Rendered recipes/index.html.erb within layouts/standard (Duration: 14.7ms | Allocations: 2401)
  Rendered layout layouts/standard.html.erb (Duration: 27.9ms | Allocations: 3541)
Completed 200 OK in 35ms (Views: 31.9ms | ActiveRecord: 1.2ms | Allocations: 4522)


Started GET "/recipes/" for 127.0.0.1 at 2022-06-29 11:33:45 -0400
Processing by RecipesController#index as HTML
  Rendering layout layouts/standard.html.erb
  Rendering recipes/index.html.erb within layouts/standard
  [1m[36mRecipe Load (0.5ms)[0m  [1m[34mSELECT "recipes".* FROM "recipes"[0m
  ↳ app/views/recipes/index.html.erb:9
  Rendered recipes/_recipe.html.erb (Duration: 4.2ms | Allocations: 245)
  Rendered recipes/_recipe.html.erb (Duration: 0.4ms | Allocations: 25)
  Rendered recipes/_recipe.html.erb (Duration: 0.1ms | Allocations: 25)
  Rendered recipes/index.html.erb within layouts/standard (Duration: 22.7ms | Allocations: 1830)
  Rendered layout layouts/standard.html.erb (Duration: 36.4ms | Allocations: 2970)
Completed 200 OK in 60ms (Views: 53.8ms | ActiveRecord: 0.5ms | Allocations: 3952)


Started GET "/recipes/" for 127.0.0.1 at 2022-06-29 11:33:53 -0400
Processing by RecipesController#index as HTML
  Rendering layout layouts/standard.html.erb
  Rendering recipes/index.html.erb within layouts/standard
  [1m[36mRecipe Load (0.5ms)[0m  [1m[34mSELECT "recipes".* FROM "recipes"[0m
  ↳ app/views/recipes/index.html.erb:9
  Rendered recipes/_recipe.html.erb (Duration: 2.0ms | Allocations: 245)
  Rendered recipes/_recipe.html.erb (Duration: 0.1ms | Allocations: 25)
  Rendered recipes/_recipe.html.erb (Duration: 0.1ms | Allocations: 25)
  Rendered recipes/index.html.erb within layouts/standard (Duration: 14.0ms | Allocations: 1813)
  Rendered layout layouts/standard.html.erb (Duration: 30.0ms | Allocations: 2958)
Completed 200 OK in 42ms (Views: 32.9ms | ActiveRecord: 0.5ms | Allocations: 3940)


Started GET "/recipes/" for 127.0.0.1 at 2022-06-29 11:34:51 -0400
Processing by RecipesController#index as HTML
  Rendering layout layouts/standard.html.erb
  Rendering recipes/index.html.erb within layouts/standard
  [1m[36mRecipe Load (0.3ms)[0m  [1m[34mSELECT "recipes".* FROM "recipes"[0m
  ↳ app/views/recipes/index.html.erb:9
  Rendered recipes/_recipe.html.erb (Duration: 1.7ms | Allocations: 245)
  Rendered recipes/_recipe.html.erb (Duration: 0.1ms | Allocations: 25)
  Rendered recipes/_recipe.html.erb (Duration: 0.1ms | Allocations: 25)
  Rendered recipes/index.html.erb within layouts/standard (Duration: 8.9ms | Allocations: 1814)
  Rendered layout layouts/standard.html.erb (Duration: 19.1ms | Allocations: 2954)
Completed 200 OK in 27ms (Views: 21.9ms | ActiveRecord: 0.3ms | Allocations: 3938)


Started GET "/recipes/" for 127.0.0.1 at 2022-06-29 11:34:59 -0400
Processing by RecipesController#index as HTML
  Rendering layout layouts/standard.html.erb
  Rendering recipes/index.html.erb within layouts/standard
  [1m[36mRecipe Load (0.4ms)[0m  [1m[34mSELECT "recipes".* FROM "recipes"[0m
  ↳ app/views/recipes/index.html.erb:9
  Rendered recipes/_recipe.html.erb (Duration: 2.3ms | Allocations: 244)
  Rendered recipes/_recipe.html.erb (Duration: 0.1ms | Allocations: 25)
  Rendered recipes/_recipe.html.erb (Duration: 0.1ms | Allocations: 25)
  Rendered recipes/index.html.erb within layouts/standard (Duration: 19.5ms | Allocations: 1813)
  Rendered layout layouts/standard.html.erb (Duration: 32.6ms | Allocations: 2953)
Completed 200 OK in 43ms (Views: 36.6ms | ActiveRecord: 0.4ms | Allocations: 3935)


Started GET "/recipes/" for 127.0.0.1 at 2022-06-29 11:35:09 -0400
Processing by RecipesController#index as HTML
  Rendering layout layouts/standard.html.erb
  Rendering recipes/index.html.erb within layouts/standard
  [1m[36mRecipe Load (0.3ms)[0m  [1m[34mSELECT "recipes".* FROM "recipes"[0m
  ↳ app/views/recipes/index.html.erb:9
  Rendered recipes/_recipe.html.erb (Duration: 1.6ms | Allocations: 244)
  Rendered recipes/_recipe.html.erb (Duration: 0.1ms | Allocations: 25)
  Rendered recipes/_recipe.html.erb (Duration: 0.4ms | Allocations: 25)
  Rendered recipes/index.html.erb within layouts/standard (Duration: 14.4ms | Allocations: 1824)
  Rendered layout layouts/standard.html.erb (Duration: 27.4ms | Allocations: 2964)
Completed 200 OK in 39ms (Views: 31.8ms | ActiveRecord: 0.3ms | Allocations: 3946)


Started GET "/recipes/" for 127.0.0.1 at 2022-06-29 11:35:35 -0400
Processing by RecipesController#index as HTML
  Rendering layout layouts/standard.html.erb
  Rendering recipes/index.html.erb within layouts/standard
  [1m[36mRecipe Load (0.3ms)[0m  [1m[34mSELECT "recipes".* FROM "recipes"[0m
  ↳ app/views/recipes/index.html.erb:9
  Rendered recipes/_recipe.html.erb (Duration: 0.1ms | Allocations: 26)
  Rendered recipes/_recipe.html.erb (Duration: 0.1ms | Allocations: 25)
  Rendered recipes/_recipe.html.erb (Duration: 0.1ms | Allocations: 25)
  Rendered recipes/index.html.erb within layouts/standard (Duration: 3.5ms | Allocations: 1236)
  Rendered layout layouts/standard.html.erb (Duration: 46.4ms | Allocations: 3304)
Completed 200 OK in 49ms (Views: 47.2ms | ActiveRecord: 0.3ms | Allocations: 3614)


Started GET "/recipes/" for 127.0.0.1 at 2022-06-29 11:35:42 -0400
Processing by RecipesController#index as HTML
  Rendering layout layouts/standard.html.erb
  Rendering recipes/index.html.erb within layouts/standard
  [1m[36mRecipe Load (0.3ms)[0m  [1m[34mSELECT "recipes".* FROM "recipes"[0m
  ↳ app/views/recipes/index.html.erb:9
  Rendered recipes/_recipe.html.erb (Duration: 0.1ms | Allocations: 26)
  Rendered recipes/_recipe.html.erb (Duration: 0.2ms | Allocations: 25)
  Rendered recipes/_recipe.html.erb (Duration: 0.1ms | Allocations: 25)
  Rendered recipes/index.html.erb within layouts/standard (Duration: 6.0ms | Allocations: 1238)
  Rendered layout layouts/standard.html.erb (Duration: 65.7ms | Allocations: 3929)
Completed 200 OK in 72ms (Views: 68.8ms | ActiveRecord: 0.3ms | Allocations: 4238)


Started GET "/recipes/" for 127.0.0.1 at 2022-06-29 11:35:57 -0400
Processing by RecipesController#index as HTML
  Rendering layout layouts/standard.html.erb
  Rendering recipes/index.html.erb within layouts/standard
  [1m[36mRecipe Load (0.4ms)[0m  [1m[34mSELECT "recipes".* FROM "recipes"[0m
  ↳ app/views/recipes/index.html.erb:9
  Rendered recipes/_recipe.html.erb (Duration: 0.2ms | Allocations: 26)
  Rendered recipes/_recipe.html.erb (Duration: 0.1ms | Allocations: 25)
  Rendered recipes/_recipe.html.erb (Duration: 0.1ms | Allocations: 25)
  Rendered recipes/index.html.erb within layouts/standard (Duration: 7.8ms | Allocations: 1242)
  Rendered layout layouts/standard.html.erb (Duration: 79.9ms | Allocations: 3310)
Completed 200 OK in 86ms (Views: 82.2ms | ActiveRecord: 0.4ms | Allocations: 3619)


Started GET "/recipes/" for 127.0.0.1 at 2022-06-29 11:36:29 -0400
Processing by RecipesController#index as HTML
  Rendering layout layouts/standard.html.erb
  Rendering recipes/index.html.erb within layouts/standard
  [1m[36mRecipe Load (0.3ms)[0m  [1m[34mSELECT "recipes".* FROM "recipes"[0m
  ↳ app/views/recipes/index.html.erb:9
  Rendered recipes/_recipe.html.erb (Duration: 0.1ms | Allocations: 26)
  Rendered recipes/_recipe.html.erb (Duration: 0.1ms | Allocations: 25)
  Rendered recipes/_recipe.html.erb (Duration: 0.1ms | Allocations: 25)
  Rendered recipes/index.html.erb within layouts/standard (Duration: 4.3ms | Allocations: 1240)
  Rendered layout layouts/standard.html.erb (Duration: 44.9ms | Allocations: 3308)
Completed 200 OK in 48ms (Views: 46.0ms | ActiveRecord: 0.3ms | Allocations: 3617)


Started GET "/recipes/" for 127.0.0.1 at 2022-06-29 11:36:30 -0400
Processing by RecipesController#index as HTML
  Rendering layout layouts/standard.html.erb
  Rendering recipes/index.html.erb within layouts/standard
  [1m[36mRecipe Load (0.4ms)[0m  [1m[34mSELECT "recipes".* FROM "recipes"[0m
  ↳ app/views/recipes/index.html.erb:9
  Rendered recipes/_recipe.html.erb (Duration: 0.1ms | Allocations: 26)
  Rendered recipes/_recipe.html.erb (Duration: 0.1ms | Allocations: 25)
  Rendered recipes/_recipe.html.erb (Duration: 0.1ms | Allocations: 25)
  Rendered recipes/index.html.erb within layouts/standard (Duration: 4.1ms | Allocations: 1244)
  Rendered layout layouts/standard.html.erb (Duration: 12.2ms | Allocations: 2100)
Completed 200 OK in 16ms (Views: 13.1ms | ActiveRecord: 0.4ms | Allocations: 2409)


Started GET "/recipes/" for 127.0.0.1 at 2022-06-29 11:36:36 -0400
Processing by RecipesController#index as HTML
  Rendering layout layouts/standard.html.erb
  Rendering recipes/index.html.erb within layouts/standard
  [1m[36mRecipe Load (0.6ms)[0m  [1m[34mSELECT "recipes".* FROM "recipes"[0m
  ↳ app/views/recipes/index.html.erb:9
  Rendered recipes/_recipe.html.erb (Duration: 0.1ms | Allocations: 26)
  Rendered recipes/_recipe.html.erb (Duration: 0.1ms | Allocations: 25)
  Rendered recipes/_recipe.html.erb (Duration: 0.1ms | Allocations: 25)
  Rendered recipes/index.html.erb within layouts/standard (Duration: 6.2ms | Allocations: 1238)
  Rendered layout layouts/standard.html.erb (Duration: 60.2ms | Allocations: 3900)
Completed 200 OK in 65ms (Views: 61.1ms | ActiveRecord: 0.6ms | Allocations: 4209)


Started GET "/recipes/" for 127.0.0.1 at 2022-06-29 11:36:42 -0400
Processing by RecipesController#index as HTML
  Rendering layout layouts/standard.html.erb
  Rendering recipes/index.html.erb within layouts/standard
  [1m[36mRecipe Load (2.4ms)[0m  [1m[34mSELECT "recipes".* FROM "recipes"[0m
  ↳ app/views/recipes/index.html.erb:9
  Rendered recipes/_recipe.html.erb (Duration: 0.2ms | Allocations: 26)
  Rendered recipes/_recipe.html.erb (Duration: 0.1ms | Allocations: 25)
  Rendered recipes/_recipe.html.erb (Duration: 0.1ms | Allocations: 25)
  Rendered recipes/index.html.erb within layouts/standard (Duration: 9.4ms | Allocations: 1232)
  Rendered layout layouts/standard.html.erb (Duration: 24.6ms | Allocations: 2128)
Completed 200 OK in 32ms (Views: 27.5ms | ActiveRecord: 2.4ms | Allocations: 2437)


Started GET "/recipes/1" for 127.0.0.1 at 2022-06-29 11:36:44 -0400
Processing by RecipesController#show as HTML
  Parameters: {"id"=>"1"}
  [1m[36mRecipe Load (0.3ms)[0m  [1m[34mSELECT "recipes".* FROM "recipes" WHERE "recipes"."id" = ? LIMIT ?[0m  [["id", 1], ["LIMIT", 1]]
  ↳ app/controllers/recipes_controller.rb:65:in `set_recipe'
  Rendering layout layouts/standard.html.erb
  Rendering recipes/show.html.erb within layouts/standard
  Rendered recipes/_recipe.html.erb (Duration: 0.2ms | Allocations: 26)
  Rendered recipes/show.html.erb within layouts/standard (Duration: 4.3ms | Allocations: 850)
  Rendered layout layouts/standard.html.erb (Duration: 13.7ms | Allocations: 1698)
Completed 200 OK in 20ms (Views: 14.8ms | ActiveRecord: 0.3ms | Allocations: 2552)


Started GET "/recipes" for 127.0.0.1 at 2022-06-29 11:36:49 -0400
Processing by RecipesController#index as HTML
  Rendering layout layouts/standard.html.erb
  Rendering recipes/index.html.erb within layouts/standard
  [1m[36mRecipe Load (0.6ms)[0m  [1m[34mSELECT "recipes".* FROM "recipes"[0m
  ↳ app/views/recipes/index.html.erb:9
  Rendered recipes/_recipe.html.erb (Duration: 0.1ms | Allocations: 26)
  Rendered recipes/_recipe.html.erb (Duration: 0.1ms | Allocations: 25)
  Rendered recipes/_recipe.html.erb (Duration: 0.1ms | Allocations: 25)
  Rendered recipes/index.html.erb within layouts/standard (Duration: 4.7ms | Allocations: 1240)
  Rendered layout layouts/standard.html.erb (Duration: 10.8ms | Allocations: 2096)
Completed 200 OK in 14ms (Views: 11.3ms | ActiveRecord: 0.6ms | Allocations: 2405)


Started GET "/recipes" for 127.0.0.1 at 2022-06-29 11:39:34 -0400
Processing by RecipesController#index as HTML
  Rendering layout layouts/standard.html.erb
  Rendering recipes/index.html.erb within layouts/standard
  [1m[36mRecipe Load (0.3ms)[0m  [1m[34mSELECT "recipes".* FROM "recipes"[0m
  ↳ app/views/recipes/index.html.erb:9
  Rendered recipes/_recipe.html.erb (Duration: 0.1ms | Allocations: 26)
  Rendered recipes/_recipe.html.erb (Duration: 0.1ms | Allocations: 25)
  Rendered recipes/_recipe.html.erb (Duration: 0.1ms | Allocations: 25)
  Rendered recipes/index.html.erb within layouts/standard (Duration: 3.9ms | Allocations: 1232)
  Rendered layout layouts/standard.html.erb (Duration: 42.2ms | Allocations: 3889)
Completed 200 OK in 46ms (Views: 43.4ms | ActiveRecord: 0.3ms | Allocations: 4198)


Started GET "/recipes" for 127.0.0.1 at 2022-06-29 11:39:55 -0400
Processing by RecipesController#index as HTML
  Rendering layout layouts/standard.html.erb
  Rendering recipes/index.html.erb within layouts/standard
  [1m[36mRecipe Load (0.4ms)[0m  [1m[34mSELECT "recipes".* FROM "recipes"[0m
  ↳ app/views/recipes/index.html.erb:9
  Rendered recipes/_recipe.html.erb (Duration: 0.1ms | Allocations: 26)
  Rendered recipes/_recipe.html.erb (Duration: 0.1ms | Allocations: 25)
  Rendered recipes/_recipe.html.erb (Duration: 0.1ms | Allocations: 25)
  Rendered recipes/index.html.erb within layouts/standard (Duration: 6.9ms | Allocations: 1232)
  Rendered layout layouts/standard.html.erb (Duration: 68.7ms | Allocations: 3300)
Completed 200 OK in 74ms (Views: 70.6ms | ActiveRecord: 0.4ms | Allocations: 3609)


Started GET "/recipes/1" for 127.0.0.1 at 2022-06-29 11:40:44 -0400
Processing by RecipesController#show as HTML
  Parameters: {"id"=>"1"}
  [1m[36mRecipe Load (0.2ms)[0m  [1m[34mSELECT "recipes".* FROM "recipes" WHERE "recipes"."id" = ? LIMIT ?[0m  [["id", 1], ["LIMIT", 1]]
  ↳ app/controllers/recipes_controller.rb:65:in `set_recipe'
  Rendering layout layouts/standard.html.erb
  Rendering recipes/show.html.erb within layouts/standard
  Rendered recipes/_recipe.html.erb (Duration: 0.2ms | Allocations: 26)
  Rendered recipes/show.html.erb within layouts/standard (Duration: 2.0ms | Allocations: 641)
  Rendered layout layouts/standard.html.erb (Duration: 12.5ms | Allocations: 2120)
Completed 200 OK in 18ms (Views: 13.6ms | ActiveRecord: 0.2ms | Allocations: 2873)


Started GET "/recipes/1/edit" for 127.0.0.1 at 2022-06-29 11:40:59 -0400
Processing by RecipesController#edit as HTML
  Parameters: {"id"=>"1"}
  [1m[36mRecipe Load (0.2ms)[0m  [1m[34mSELECT "recipes".* FROM "recipes" WHERE "recipes"."id" = ? LIMIT ?[0m  [["id", 1], ["LIMIT", 1]]
  ↳ app/controllers/recipes_controller.rb:65:in `set_recipe'
  Rendering layout layouts/standard.html.erb
  Rendering recipes/edit.html.erb within layouts/standard
  Rendered recipes/_form.html.erb (Duration: 3.3ms | Allocations: 1532)
  Rendered recipes/edit.html.erb within layouts/standard (Duration: 6.4ms | Allocations: 1895)
  Rendered layout layouts/standard.html.erb (Duration: 14.6ms | Allocations: 2743)
Completed 200 OK in 24ms (Views: 16.1ms | ActiveRecord: 0.2ms | Allocations: 3549)


Started GET "/recipes" for 127.0.0.1 at 2022-06-29 11:41:03 -0400
Processing by RecipesController#index as HTML
  Rendering layout layouts/standard.html.erb
  Rendering recipes/index.html.erb within layouts/standard
  [1m[36mRecipe Load (0.3ms)[0m  [1m[34mSELECT "recipes".* FROM "recipes"[0m
  ↳ app/views/recipes/index.html.erb:9
  Rendered recipes/_recipe.html.erb (Duration: 0.1ms | Allocations: 26)
  Rendered recipes/_recipe.html.erb (Duration: 0.1ms | Allocations: 25)
  Rendered recipes/_recipe.html.erb (Duration: 0.1ms | Allocations: 25)
  Rendered recipes/index.html.erb within layouts/standard (Duration: 4.8ms | Allocations: 1238)
  Rendered layout layouts/standard.html.erb (Duration: 10.6ms | Allocations: 2094)
Completed 200 OK in 16ms (Views: 12.7ms | ActiveRecord: 0.3ms | Allocations: 2403)


Started GET "/recipes/1" for 127.0.0.1 at 2022-06-29 14:09:01 -0400
  [1m[35m (6.5ms)[0m  [1m[34mSELECT sqlite_version(*)[0m
  [1m[36mActiveRecord::SchemaMigration Pluck (0.4ms)[0m  [1m[34mSELECT "schema_migrations"."version" FROM "schema_migrations" ORDER BY "schema_migrations"."version" ASC[0m
Processing by RecipesController#show as HTML
  Parameters: {"id"=>"1"}
  [1m[36mRecipe Load (4.1ms)[0m  [1m[34mSELECT "recipes".* FROM "recipes" WHERE "recipes"."id" = ? LIMIT ?[0m  [["id", 1], ["LIMIT", 1]]
  ↳ app/controllers/recipes_controller.rb:65:in `set_recipe'
  Rendering layout layouts/standard.html.erb
  Rendering recipes/show.html.erb within layouts/standard
  Rendered recipes/_recipe.html.erb (Duration: 24.4ms | Allocations: 289)
  Rendered recipes/show.html.erb within layouts/standard (Duration: 58.2ms | Allocations: 1992)
  Rendered layout layouts/standard.html.erb (Duration: 502.9ms | Allocations: 31527)
Completed 200 OK in 631ms (Views: 528.9ms | ActiveRecord: 6.7ms | Allocations: 44322)


Started GET "/recipes" for 127.0.0.1 at 2022-06-29 14:13:19 -0400
Processing by RecipesController#index as HTML
  Rendering layout layouts/standard.html.erb
  Rendering recipes/index.html.erb within layouts/standard
  [1m[36mRecipe Load (2.2ms)[0m  [1m[34mSELECT "recipes".* FROM "recipes"[0m
  ↳ app/views/recipes/index.html.erb:9
  Rendered recipes/_recipe.html.erb (Duration: 11.5ms | Allocations: 246)
  Rendered recipes/_recipe.html.erb (Duration: 0.2ms | Allocations: 25)
  Rendered recipes/_recipe.html.erb (Duration: 0.3ms | Allocations: 25)
  Rendered recipes/index.html.erb within layouts/standard (Duration: 202.8ms | Allocations: 10171)
  Rendered layout layouts/standard.html.erb (Duration: 211.0ms | Allocations: 10251)
Completed 500 Internal Server Error in 238ms (ActiveRecord: 2.2ms | Allocations: 11226)


  
ActionView::Template::Error (undefined local variable or method `recipe' for #<ActionView::Base:0x0000000000b478>
Did you mean?  @recipes):
    21: <%= link_to "New recipe", new_recipe_path %>
    22: 
    23: <!-- 
    24: <%= link_to "Show this recipe", recipe %>
    25: -->
  
app/views/recipes/index.html.erb:24
Started GET "/recipes" for 127.0.0.1 at 2022-06-29 14:13:48 -0400
Processing by RecipesController#index as HTML
  Rendering layout layouts/standard.html.erb
  Rendering recipes/index.html.erb within layouts/standard
  [1m[36mRecipe Load (0.4ms)[0m  [1m[34mSELECT "recipes".* FROM "recipes"[0m
  ↳ app/views/recipes/index.html.erb:9
  Rendered recipes/_recipe.html.erb (Duration: 3.6ms | Allocations: 246)
  Rendered recipes/_recipe.html.erb (Duration: 0.1ms | Allocations: 25)
  Rendered recipes/_recipe.html.erb (Duration: 0.2ms | Allocations: 25)
  Rendered recipes/index.html.erb within layouts/standard (Duration: 13.8ms | Allocations: 1822)
  Rendered layout layouts/standard.html.erb (Duration: 27.9ms | Allocations: 2967)
Completed 200 OK in 44ms (Views: 39.5ms | ActiveRecord: 0.4ms | Allocations: 3949)


Started GET "/recipes" for 127.0.0.1 at 2022-06-29 14:14:21 -0400
Processing by RecipesController#index as HTML
  Rendering layout layouts/standard.html.erb
  Rendering recipes/index.html.erb within layouts/standard
  [1m[36mRecipe Load (0.4ms)[0m  [1m[34mSELECT "recipes".* FROM "recipes"[0m
  ↳ app/views/recipes/index.html.erb:9
  Rendered recipes/_recipe.html.erb (Duration: 1.6ms | Allocations: 246)
  Rendered recipes/_recipe.html.erb (Duration: 0.2ms | Allocations: 25)
  Rendered recipes/_recipe.html.erb (Duration: 0.2ms | Allocations: 25)
  Rendered recipes/index.html.erb within layouts/standard (Duration: 24.3ms | Allocations: 1824)
  Rendered layout layouts/standard.html.erb (Duration: 49.6ms | Allocations: 2965)
Completed 200 OK in 72ms (Views: 60.8ms | ActiveRecord: 0.4ms | Allocations: 3956)


Started GET "/recipes/new" for 127.0.0.1 at 2022-06-29 14:16:59 -0400
Processing by RecipesController#new as HTML
  Rendering layout layouts/standard.html.erb
  Rendering recipes/new.html.erb within layouts/standard
  Rendered recipes/_form.html.erb (Duration: 112.0ms | Allocations: 7515)
  Rendered recipes/new.html.erb within layouts/standard (Duration: 121.0ms | Allocations: 7840)
  Rendered layout layouts/standard.html.erb (Duration: 166.5ms | Allocations: 8981)
Completed 200 OK in 179ms (Views: 174.5ms | ActiveRecord: 0.0ms | Allocations: 9975)


Started GET "/recipes" for 127.0.0.1 at 2022-06-29 14:32:59 -0400
Processing by RecipesController#index as HTML
  Rendering layout layouts/standard.html.erb
  Rendering recipes/index.html.erb within layouts/standard
  [1m[35m (0.1ms)[0m  [1m[34mSELECT sqlite_version(*)[0m
  ↳ app/views/recipes/index.html.erb:9
  [1m[36mRecipe Load (0.9ms)[0m  [1m[34mSELECT "recipes".* FROM "recipes"[0m
  ↳ app/views/recipes/index.html.erb:9
  Rendered recipes/_recipe.html.erb (Duration: 5.7ms | Allocations: 243)
  Rendered recipes/_recipe.html.erb (Duration: 0.3ms | Allocations: 25)
  Rendered recipes/_recipe.html.erb (Duration: 0.2ms | Allocations: 25)
  Rendered recipes/index.html.erb within layouts/standard (Duration: 44.4ms | Allocations: 2389)
  Rendered layout layouts/standard.html.erb (Duration: 62.2ms | Allocations: 3245)
Completed 200 OK in 69ms (Views: 64.2ms | ActiveRecord: 4.2ms | Allocations: 3631)


Started GET "/clientes/index" for 127.0.0.1 at 2022-06-29 14:33:08 -0400
  
ActionController::RoutingError (No route matches [GET] "/clientes/index"):
  
Started GET "/cliente/index" for 127.0.0.1 at 2022-06-29 14:33:15 -0400
  
ActionController::RoutingError (No route matches [GET] "/cliente/index"):
  
Started GET "/clientes/index" for 127.0.0.1 at 2022-06-29 14:33:36 -0400
  
ActionController::RoutingError (No route matches [GET] "/clientes/index"):
  
